[2019-05-02T15:55:37.167] [INFO] dev - {"url":"/","query":{},"headers":{"host":"localhost:4001","connection":"keep-alive","upgrade-insecure-requests":"1","user-agent":"Mozilla/5.0 (Macintosh; Intel Mac OS X 10_14_0) AppleWebKit/537.36 (KHTML, like Gecko) Chrome/74.0.3729.131 Safari/537.36","accept":"text/html,application/xhtml+xml,application/xml;q=0.9,image/webp,image/apng,*/*;q=0.8,application/signed-exchange;v=b3","accept-encoding":"gzip, deflate, br","accept-language":"zh-CN,zh;q=0.9","cookie":"_ga=GA1.1.755409367.1522551541; Webstorm-a23255eb=43de51ed-2110-4fed-940a-1cbc5be11ee0; Idea-669b03a4=5fd1defe-9e56-4362-bb9e-9d4cffdefda0; Idea-669b03a5=b00c0290-809d-4299-a0b3-6475a79c7d53; Hm_lvt_bc38887aa5588add05a38704342ad7e8=1546914873; Goland-64dd8baa=e0f5691e-3598-4f22-9d9b-b40dad136f21; connect.sid=s%3ATLKXUaFjHkFluZyR0gaAPYAHdgrLAchk.vrJFBpH4z%2FB%2Bzthfe1zBXcEiJPRhDDxT7twwAkUMW1w"},"timespan":1556783737167}
[2019-05-02T15:55:37.369] [INFO] dev - {"url":"/favicon.ico","query":{},"headers":{"host":"localhost:4001","connection":"keep-alive","user-agent":"Mozilla/5.0 (Macintosh; Intel Mac OS X 10_14_0) AppleWebKit/537.36 (KHTML, like Gecko) Chrome/74.0.3729.131 Safari/537.36","accept":"image/webp,image/apng,image/*,*/*;q=0.8","referer":"http://localhost:4001/","accept-encoding":"gzip, deflate, br","accept-language":"zh-CN,zh;q=0.9","cookie":"_ga=GA1.1.755409367.1522551541; Webstorm-a23255eb=43de51ed-2110-4fed-940a-1cbc5be11ee0; Idea-669b03a4=5fd1defe-9e56-4362-bb9e-9d4cffdefda0; Idea-669b03a5=b00c0290-809d-4299-a0b3-6475a79c7d53; Hm_lvt_bc38887aa5588add05a38704342ad7e8=1546914873; Goland-64dd8baa=e0f5691e-3598-4f22-9d9b-b40dad136f21; connect.sid=s%3ATLKXUaFjHkFluZyR0gaAPYAHdgrLAchk.vrJFBpH4z%2FB%2Bzthfe1zBXcEiJPRhDDxT7twwAkUMW1w"},"timespan":1556783737369}
[2019-05-03T13:06:30.148] [INFO] dev - {"url":"/login?code=081bKbFm0IpfYr1kPVFm0qekFm0bKbFP","query":{"code":"081bKbFm0IpfYr1kPVFm0qekFm0bKbFP"},"headers":{"host":"localhost:4001","connection":"keep-alive","pragma":"no-cache","cache-control":"no-cache","x-session":"","user-agent":"Mozilla/5.0 (iPhone; CPU iPhone OS 9_1 like Mac OS X) AppleWebKit/601.1.46 (KHTML, like Gecko) Version/9.0 Mobile/13B143 Safari/601.1 wechatdevtools/1.02.1901230 MicroMessenger/6.7.3 Language/zh_CN webview/ token/e16330471a12720f55049477a2cac34a","content-type":"application/json","accept":"*/*","referer":"https://servicewechat.com/wx5cfb24d00805ef8b/devtools/page-frame.html","accept-encoding":"gzip, deflate, br"},"timespan":1556859990148}
[2019-05-03T13:07:21.199] [INFO] dev - {"url":"/login?code=0214Tspp1U3Dpi0rzOmp1TeHpp14TspC","query":{"code":"0214Tspp1U3Dpi0rzOmp1TeHpp14TspC"},"headers":{"host":"localhost:4001","connection":"keep-alive","pragma":"no-cache","cache-control":"no-cache","x-session":"","user-agent":"Mozilla/5.0 (iPhone; CPU iPhone OS 9_1 like Mac OS X) AppleWebKit/601.1.46 (KHTML, like Gecko) Version/9.0 Mobile/13B143 Safari/601.1 wechatdevtools/1.02.1901230 MicroMessenger/6.7.3 Language/zh_CN webview/ token/e16330471a12720f55049477a2cac34a","content-type":"application/json","accept":"*/*","referer":"https://servicewechat.com/wx5cfb24d00805ef8b/devtools/page-frame.html","accept-encoding":"gzip, deflate, br"},"timespan":1556860041199}
[2019-05-03T13:08:11.309] [INFO] dev - {"url":"/login?code=081X1zix18l4ch0yj1ix1Z0kix1X1zig","query":{"code":"081X1zix18l4ch0yj1ix1Z0kix1X1zig"},"headers":{"host":"localhost:4001","connection":"keep-alive","pragma":"no-cache","cache-control":"no-cache","x-session":"","user-agent":"Mozilla/5.0 (iPhone; CPU iPhone OS 9_1 like Mac OS X) AppleWebKit/601.1.46 (KHTML, like Gecko) Version/9.0 Mobile/13B143 Safari/601.1 wechatdevtools/1.02.1901230 MicroMessenger/6.7.3 Language/zh_CN webview/ token/e16330471a12720f55049477a2cac34a","content-type":"application/json","accept":"*/*","referer":"https://servicewechat.com/wx5cfb24d00805ef8b/devtools/page-frame.html","accept-encoding":"gzip, deflate, br"},"timespan":1556860091309}
[2019-05-03T13:09:58.020] [INFO] dev - {"url":"/login?code=001ckAQY1fPEBT0MaxSY16YtQY1ckAQd","query":{"code":"001ckAQY1fPEBT0MaxSY16YtQY1ckAQd"},"headers":{"host":"localhost:4001","connection":"keep-alive","pragma":"no-cache","cache-control":"no-cache","x-session":"","user-agent":"Mozilla/5.0 (iPhone; CPU iPhone OS 9_1 like Mac OS X) AppleWebKit/601.1.46 (KHTML, like Gecko) Version/9.0 Mobile/13B143 Safari/601.1 wechatdevtools/1.02.1901230 MicroMessenger/6.7.3 Language/zh_CN webview/ token/e16330471a12720f55049477a2cac34a","content-type":"application/json","accept":"*/*","referer":"https://servicewechat.com/wx5cfb24d00805ef8b/devtools/page-frame.html","accept-encoding":"gzip, deflate, br"},"timespan":1556860198020}
[2019-05-03T13:12:07.102] [INFO] dev - {"url":"/login?code=02115INM1b7RF71HVfPM1VUYNM115INT","query":{"code":"02115INM1b7RF71HVfPM1VUYNM115INT"},"headers":{"host":"localhost:4001","connection":"keep-alive","pragma":"no-cache","cache-control":"no-cache","x-session":"","user-agent":"Mozilla/5.0 (iPhone; CPU iPhone OS 9_1 like Mac OS X) AppleWebKit/601.1.46 (KHTML, like Gecko) Version/9.0 Mobile/13B143 Safari/601.1 wechatdevtools/1.02.1901230 MicroMessenger/6.7.3 Language/zh_CN webview/ token/e16330471a12720f55049477a2cac34a","content-type":"application/json","accept":"*/*","referer":"https://servicewechat.com/wx5cfb24d00805ef8b/devtools/page-frame.html","accept-encoding":"gzip, deflate, br"},"timespan":1556860327102}
[2019-05-03T13:13:42.968] [INFO] dev - {"url":"/login?code=001tGsbj2HOEwD0qWmaj2Wxvbj2tGsbi","query":{"code":"001tGsbj2HOEwD0qWmaj2Wxvbj2tGsbi"},"headers":{"host":"localhost:4001","connection":"keep-alive","pragma":"no-cache","cache-control":"no-cache","x-session":"","user-agent":"Mozilla/5.0 (iPhone; CPU iPhone OS 9_1 like Mac OS X) AppleWebKit/601.1.46 (KHTML, like Gecko) Version/9.0 Mobile/13B143 Safari/601.1 wechatdevtools/1.02.1901230 MicroMessenger/6.7.3 Language/zh_CN webview/ token/e16330471a12720f55049477a2cac34a","content-type":"application/json","accept":"*/*","referer":"https://servicewechat.com/wx5cfb24d00805ef8b/devtools/page-frame.html","accept-encoding":"gzip, deflate, br"},"timespan":1556860422968}
[2019-05-03T13:13:42.984] [INFO] dev - [login] 用户登陆Code为001tGsbj2HOEwD0qWmaj2Wxvbj2tGsbi
[2019-05-03T13:13:43.164] [ERROR] dev - Error: invalid appid, hints: [ req_id: ggbcy6yFe-scoSka ]
    at Request.request [as _callback] (/Users/gxkai/koa-miniprogram/koa-service/lib/wx.js:18:20)
    at Request.self.callback (/Users/gxkai/koa-miniprogram/koa-service/node_modules/request/request.js:185:22)
    at Request.emit (events.js:182:13)
    at Request.<anonymous> (/Users/gxkai/koa-miniprogram/koa-service/node_modules/request/request.js:1161:10)
    at Request.emit (events.js:182:13)
    at IncomingMessage.<anonymous> (/Users/gxkai/koa-miniprogram/koa-service/node_modules/request/request.js:1083:12)
    at Object.onceWrapper (events.js:273:13)
    at IncomingMessage.emit (events.js:187:15)
    at endReadableNT (_stream_readable.js:1081:12)
    at process._tickCallback (internal/process/next_tick.js:63:19)
[2019-05-03T13:17:12.283] [INFO] dev - {"url":"/login?code=061AGU5Z1hRwdT0KyL4Z1LVX5Z1AGU51","query":{"code":"061AGU5Z1hRwdT0KyL4Z1LVX5Z1AGU51"},"headers":{"host":"localhost:4001","connection":"keep-alive","pragma":"no-cache","cache-control":"no-cache","x-session":"","user-agent":"Mozilla/5.0 (iPhone; CPU iPhone OS 9_1 like Mac OS X) AppleWebKit/601.1.46 (KHTML, like Gecko) Version/9.0 Mobile/13B143 Safari/601.1 wechatdevtools/1.02.1901230 MicroMessenger/6.7.3 Language/zh_CN webview/ token/e16330471a12720f55049477a2cac34a","content-type":"application/json","accept":"*/*","referer":"https://servicewechat.com/wx5cfb24d00805ef8b/devtools/page-frame.html","accept-encoding":"gzip, deflate, br"},"timespan":1556860632283}
[2019-05-03T13:17:12.285] [INFO] dev - [login] 用户登陆Code为061AGU5Z1hRwdT0KyL4Z1LVX5Z1AGU51
[2019-05-03T13:17:12.464] [ERROR] dev - Error: invalid appid, hints: [ req_id: igbcl0yFe-reFd.a ]
    at Request.request [as _callback] (/Users/gxkai/koa-miniprogram/koa-service/lib/wx.js:18:20)
    at Request.self.callback (/Users/gxkai/koa-miniprogram/koa-service/node_modules/request/request.js:185:22)
    at Request.emit (events.js:182:13)
    at Request.<anonymous> (/Users/gxkai/koa-miniprogram/koa-service/node_modules/request/request.js:1161:10)
    at Request.emit (events.js:182:13)
    at IncomingMessage.<anonymous> (/Users/gxkai/koa-miniprogram/koa-service/node_modules/request/request.js:1083:12)
    at Object.onceWrapper (events.js:273:13)
    at IncomingMessage.emit (events.js:187:15)
    at endReadableNT (_stream_readable.js:1081:12)
    at process._tickCallback (internal/process/next_tick.js:63:19)
[2019-05-03T13:17:32.427] [INFO] dev - {"url":"/login?code=061zV5M81DvkYN1OjOK81ON2M81zV5M3","query":{"code":"061zV5M81DvkYN1OjOK81ON2M81zV5M3"},"headers":{"host":"localhost:4001","connection":"keep-alive","pragma":"no-cache","cache-control":"no-cache","x-session":"","user-agent":"Mozilla/5.0 (iPhone; CPU iPhone OS 9_1 like Mac OS X) AppleWebKit/601.1.46 (KHTML, like Gecko) Version/9.0 Mobile/13B143 Safari/601.1 wechatdevtools/1.02.1901230 MicroMessenger/6.7.3 Language/zh_CN webview/ token/e16330471a12720f55049477a2cac34a","content-type":"application/json","accept":"*/*","referer":"https://servicewechat.com/wx5cfb24d00805ef8b/devtools/page-frame.html","accept-encoding":"gzip, deflate, br"},"timespan":1556860652427}
[2019-05-03T13:17:32.428] [INFO] dev - [login] 用户登陆Code为061zV5M81DvkYN1OjOK81ON2M81zV5M3
[2019-05-03T13:17:32.583] [ERROR] dev - Error: invalid appid, hints: [ req_id: igbcIfyFe-PBX6aA ]
    at Request.request [as _callback] (/Users/gxkai/koa-miniprogram/koa-service/lib/wx.js:18:20)
    at Request.self.callback (/Users/gxkai/koa-miniprogram/koa-service/node_modules/request/request.js:185:22)
    at Request.emit (events.js:182:13)
    at Request.<anonymous> (/Users/gxkai/koa-miniprogram/koa-service/node_modules/request/request.js:1161:10)
    at Request.emit (events.js:182:13)
    at IncomingMessage.<anonymous> (/Users/gxkai/koa-miniprogram/koa-service/node_modules/request/request.js:1083:12)
    at Object.onceWrapper (events.js:273:13)
    at IncomingMessage.emit (events.js:187:15)
    at endReadableNT (_stream_readable.js:1081:12)
    at process._tickCallback (internal/process/next_tick.js:63:19)
[2019-05-03T13:23:32.834] [INFO] dev - {"url":"/login?code=0014AK6z0CvW4d1lL24z0o1o6z04AK6t","query":{"code":"0014AK6z0CvW4d1lL24z0o1o6z04AK6t"},"headers":{"host":"localhost:4001","connection":"keep-alive","pragma":"no-cache","cache-control":"no-cache","x-session":"","user-agent":"Mozilla/5.0 (iPhone; CPU iPhone OS 9_1 like Mac OS X) AppleWebKit/601.1.46 (KHTML, like Gecko) Version/9.0 Mobile/13B143 Safari/601.1 wechatdevtools/1.02.1901230 MicroMessenger/6.7.3 Language/zh_CN webview/ token/e16330471a12720f55049477a2cac34a","content-type":"application/json","accept":"*/*","referer":"https://servicewechat.com/wx5cfb24d00805ef8b/devtools/page-frame.html","accept-encoding":"gzip, deflate, br"},"timespan":1556861012834}
[2019-05-03T13:23:32.835] [INFO] dev - [login] 用户登陆Code为0014AK6z0CvW4d1lL24z0o1o6z04AK6t
[2019-05-03T13:23:33.009] [ERROR] dev - Error: invalid appid, hints: [ req_id: lgbcnfwgE-F6OEHA ]
    at Request.request [as _callback] (/Users/gxkai/koa-miniprogram/koa-service/lib/wx.js:18:20)
    at Request.self.callback (/Users/gxkai/koa-miniprogram/koa-service/node_modules/request/request.js:185:22)
    at Request.emit (events.js:182:13)
    at Request.<anonymous> (/Users/gxkai/koa-miniprogram/koa-service/node_modules/request/request.js:1161:10)
    at Request.emit (events.js:182:13)
    at IncomingMessage.<anonymous> (/Users/gxkai/koa-miniprogram/koa-service/node_modules/request/request.js:1083:12)
    at Object.onceWrapper (events.js:273:13)
    at IncomingMessage.emit (events.js:187:15)
    at endReadableNT (_stream_readable.js:1081:12)
    at process._tickCallback (internal/process/next_tick.js:63:19)
[2019-05-03T13:28:50.651] [INFO] dev - {"url":"/login?code=06104GRM1SUFK71ZiTTM1NlCRM104GRD","query":{"code":"06104GRM1SUFK71ZiTTM1NlCRM104GRD"},"headers":{"host":"localhost:4001","connection":"keep-alive","pragma":"no-cache","cache-control":"no-cache","x-session":"","user-agent":"Mozilla/5.0 (iPhone; CPU iPhone OS 9_1 like Mac OS X) AppleWebKit/601.1.46 (KHTML, like Gecko) Version/9.0 Mobile/13B143 Safari/601.1 wechatdevtools/1.02.1901230 MicroMessenger/6.7.3 Language/zh_CN webview/ token/e16330471a12720f55049477a2cac34a","content-type":"application/json","accept":"*/*","referer":"https://servicewechat.com/wx5cfb24d00805ef8b/devtools/page-frame.html","accept-encoding":"gzip, deflate, br"},"timespan":1556861330650}
[2019-05-03T13:28:50.667] [INFO] dev - [login] 用户登陆Code为06104GRM1SUFK71ZiTTM1NlCRM104GRD
[2019-05-03T13:28:50.926] [ERROR] dev - Error: invalid appid, hints: [ req_id: NgbcZfyFe-GXwtoa ]
    at Request.request [as _callback] (/Users/gxkai/koa-miniprogram/koa-service/lib/wx.js:18:20)
    at Request.self.callback (/Users/gxkai/koa-miniprogram/koa-service/node_modules/request/request.js:185:22)
    at Request.emit (events.js:182:13)
    at Request.<anonymous> (/Users/gxkai/koa-miniprogram/koa-service/node_modules/request/request.js:1161:10)
    at Request.emit (events.js:182:13)
    at IncomingMessage.<anonymous> (/Users/gxkai/koa-miniprogram/koa-service/node_modules/request/request.js:1083:12)
    at Object.onceWrapper (events.js:273:13)
    at IncomingMessage.emit (events.js:187:15)
    at endReadableNT (_stream_readable.js:1081:12)
    at process._tickCallback (internal/process/next_tick.js:63:19)
[2019-05-03T13:30:28.891] [INFO] dev - {"url":"/login?code=021dO8Q41DzbUR1jTfN41oG1Q41dO8QX","query":{"code":"021dO8Q41DzbUR1jTfN41oG1Q41dO8QX"},"headers":{"host":"localhost:4001","connection":"keep-alive","pragma":"no-cache","cache-control":"no-cache","x-session":"","user-agent":"Mozilla/5.0 (iPhone; CPU iPhone OS 9_1 like Mac OS X) AppleWebKit/601.1.46 (KHTML, like Gecko) Version/9.0 Mobile/13B143 Safari/601.1 wechatdevtools/1.02.1901230 MicroMessenger/6.7.3 Language/zh_CN webview/ token/e16330471a12720f55049477a2cac34a","content-type":"application/json","accept":"*/*","referer":"https://servicewechat.com/wx5cfb24d00805ef8b/devtools/page-frame.html","accept-encoding":"gzip, deflate, br"},"timespan":1556861428891}
[2019-05-03T13:30:28.903] [INFO] dev - [login] 用户登陆Code为021dO8Q41DzbUR1jTfN41oG1Q41dO8QX
[2019-05-03T13:30:29.322] [INFO] dev - {"url":"/my","query":{},"headers":{"host":"localhost:4001","connection":"keep-alive","pragma":"no-cache","cache-control":"no-cache","x-session":"312c21287a990ae9ce6b1b7b23338167d619680d99e5ae9ad6a1d0ef179b12e3f6df37f0c936ed6f7aab33f05747db5b96dc6f265138de4bb6996809fb751aa7","user-agent":"Mozilla/5.0 (iPhone; CPU iPhone OS 9_1 like Mac OS X) AppleWebKit/601.1.46 (KHTML, like Gecko) Version/9.0 Mobile/13B143 Safari/601.1 wechatdevtools/1.02.1901230 MicroMessenger/6.7.3 Language/zh_CN webview/ token/e16330471a12720f55049477a2cac34a","content-type":"application/json","accept":"*/*","referer":"https://servicewechat.com/wx5cfb24d00805ef8b/devtools/page-frame.html","accept-encoding":"gzip, deflate, br"},"timespan":1556861429322}
[2019-05-03T13:30:29.323] [DEBUG] dev - [auth] 获取到到sessionKey为312c21287a990ae9ce6b1b7b23338167d619680d99e5ae9ad6a1d0ef179b12e3f6df37f0c936ed6f7aab33f05747db5b96dc6f265138de4bb6996809fb751aa7
[2019-05-03T13:30:29.346] [DEBUG] dev - [auth] 根据sessionKey查询到的用户为{"userType":0,"_id":"5ccbd1f582d46f873ef0bc86","openId":"o-IKV5MTJ92nGfM9UwZrriil7o4o","created":"2019-05-03T05:30:29.159Z","__v":0,"lastLogin":"2019-05-03T05:30:29.210Z"}
[2019-05-03T13:30:36.432] [INFO] dev - {"url":"/xcx/album","query":{},"headers":{"host":"localhost:4001","connection":"keep-alive","pragma":"no-cache","cache-control":"no-cache","x-session":"312c21287a990ae9ce6b1b7b23338167d619680d99e5ae9ad6a1d0ef179b12e3f6df37f0c936ed6f7aab33f05747db5b96dc6f265138de4bb6996809fb751aa7","user-agent":"Mozilla/5.0 (iPhone; CPU iPhone OS 9_1 like Mac OS X) AppleWebKit/601.1.46 (KHTML, like Gecko) Version/9.0 Mobile/13B143 Safari/601.1 wechatdevtools/1.02.1901230 MicroMessenger/6.7.3 Language/zh_CN webview/ token/e16330471a12720f55049477a2cac34a","content-type":"application/json","accept":"*/*","referer":"https://servicewechat.com/wx5cfb24d00805ef8b/devtools/page-frame.html","accept-encoding":"gzip, deflate, br"},"timespan":1556861436432}
[2019-05-03T13:30:36.433] [DEBUG] dev - [auth] 获取到到sessionKey为312c21287a990ae9ce6b1b7b23338167d619680d99e5ae9ad6a1d0ef179b12e3f6df37f0c936ed6f7aab33f05747db5b96dc6f265138de4bb6996809fb751aa7
[2019-05-03T13:30:36.463] [DEBUG] dev - [auth] 根据sessionKey查询到的用户为{"userType":0,"_id":"5ccbd1f582d46f873ef0bc86","openId":"o-IKV5MTJ92nGfM9UwZrriil7o4o","created":"2019-05-03T05:30:29.159Z","__v":0,"lastLogin":"2019-05-03T05:30:29.210Z"}
[2019-05-03T13:30:45.225] [INFO] dev - {"url":"/album","query":{},"headers":{"host":"localhost:4001","connection":"keep-alive","content-length":"14","pragma":"no-cache","cache-control":"no-cache","origin":"http://127.0.0.1:12921","x-session":"312c21287a990ae9ce6b1b7b23338167d619680d99e5ae9ad6a1d0ef179b12e3f6df37f0c936ed6f7aab33f05747db5b96dc6f265138de4bb6996809fb751aa7","user-agent":"Mozilla/5.0 (iPhone; CPU iPhone OS 9_1 like Mac OS X) AppleWebKit/601.1.46 (KHTML, like Gecko) Version/9.0 Mobile/13B143 Safari/601.1 wechatdevtools/1.02.1901230 MicroMessenger/6.7.3 Language/zh_CN webview/ token/e16330471a12720f55049477a2cac34a","content-type":"application/json","accept":"*/*","referer":"https://servicewechat.com/wx5cfb24d00805ef8b/devtools/page-frame.html","accept-encoding":"gzip, deflate, br"},"timespan":1556861445225}
[2019-05-03T13:30:45.242] [DEBUG] dev - [auth] 获取到到sessionKey为312c21287a990ae9ce6b1b7b23338167d619680d99e5ae9ad6a1d0ef179b12e3f6df37f0c936ed6f7aab33f05747db5b96dc6f265138de4bb6996809fb751aa7
[2019-05-03T13:30:45.299] [DEBUG] dev - [auth] 根据sessionKey查询到的用户为{"userType":0,"_id":"5ccbd1f582d46f873ef0bc86","openId":"o-IKV5MTJ92nGfM9UwZrriil7o4o","created":"2019-05-03T05:30:29.159Z","__v":0,"lastLogin":"2019-05-03T05:30:29.210Z"}
[2019-05-03T13:30:45.400] [INFO] dev - {"url":"/xcx/album","query":{},"headers":{"host":"localhost:4001","connection":"keep-alive","pragma":"no-cache","cache-control":"no-cache","x-session":"312c21287a990ae9ce6b1b7b23338167d619680d99e5ae9ad6a1d0ef179b12e3f6df37f0c936ed6f7aab33f05747db5b96dc6f265138de4bb6996809fb751aa7","user-agent":"Mozilla/5.0 (iPhone; CPU iPhone OS 9_1 like Mac OS X) AppleWebKit/601.1.46 (KHTML, like Gecko) Version/9.0 Mobile/13B143 Safari/601.1 wechatdevtools/1.02.1901230 MicroMessenger/6.7.3 Language/zh_CN webview/ token/e16330471a12720f55049477a2cac34a","content-type":"application/json","accept":"*/*","referer":"https://servicewechat.com/wx5cfb24d00805ef8b/devtools/page-frame.html","accept-encoding":"gzip, deflate, br"},"timespan":1556861445400}
[2019-05-03T13:30:45.403] [DEBUG] dev - [auth] 获取到到sessionKey为312c21287a990ae9ce6b1b7b23338167d619680d99e5ae9ad6a1d0ef179b12e3f6df37f0c936ed6f7aab33f05747db5b96dc6f265138de4bb6996809fb751aa7
[2019-05-03T13:30:45.431] [DEBUG] dev - [auth] 根据sessionKey查询到的用户为{"userType":0,"_id":"5ccbd1f582d46f873ef0bc86","openId":"o-IKV5MTJ92nGfM9UwZrriil7o4o","created":"2019-05-03T05:30:29.159Z","__v":0,"lastLogin":"2019-05-03T05:30:29.210Z"}
[2019-05-03T13:30:46.485] [INFO] dev - {"url":"/xcx/album/5ccbd20582d46f873ef0bc87","query":{},"headers":{"host":"localhost:4001","connection":"keep-alive","pragma":"no-cache","cache-control":"no-cache","x-session":"312c21287a990ae9ce6b1b7b23338167d619680d99e5ae9ad6a1d0ef179b12e3f6df37f0c936ed6f7aab33f05747db5b96dc6f265138de4bb6996809fb751aa7","user-agent":"Mozilla/5.0 (iPhone; CPU iPhone OS 9_1 like Mac OS X) AppleWebKit/601.1.46 (KHTML, like Gecko) Version/9.0 Mobile/13B143 Safari/601.1 wechatdevtools/1.02.1901230 MicroMessenger/6.7.3 Language/zh_CN webview/ token/e16330471a12720f55049477a2cac34a","content-type":"application/json","accept":"*/*","referer":"https://servicewechat.com/wx5cfb24d00805ef8b/devtools/page-frame.html","accept-encoding":"gzip, deflate, br"},"timespan":1556861446485}
[2019-05-03T13:30:46.491] [DEBUG] dev - [auth] 获取到到sessionKey为312c21287a990ae9ce6b1b7b23338167d619680d99e5ae9ad6a1d0ef179b12e3f6df37f0c936ed6f7aab33f05747db5b96dc6f265138de4bb6996809fb751aa7
[2019-05-03T13:30:46.526] [DEBUG] dev - [auth] 根据sessionKey查询到的用户为{"userType":0,"_id":"5ccbd1f582d46f873ef0bc86","openId":"o-IKV5MTJ92nGfM9UwZrriil7o4o","created":"2019-05-03T05:30:29.159Z","__v":0,"lastLogin":"2019-05-03T05:30:29.210Z"}
[2019-05-03T13:30:55.729] [INFO] dev - {"url":"/photo","query":{},"headers":{"x-session":"312c21287a990ae9ce6b1b7b23338167d619680d99e5ae9ad6a1d0ef179b12e3f6df37f0c936ed6f7aab33f05747db5b96dc6f265138de4bb6996809fb751aa7","referer":"https://servicewechat.com/wx5cfb24d00805ef8b/devtools/page-frame.html","user-agent":"Mozilla/5.0 (iPhone; CPU iPhone OS 9_1 like Mac OS X) AppleWebKit/601.1.46 (KHTML, like Gecko) Version/9.0 Mobile/13B143 Safari/601.1 wechatdevtools/1.02.1901230 MicroMessenger/6.7.3 Language/zh_CN webview/","host":"localhost:4001","content-type":"multipart/form-data; boundary=--------------------------227326083582743435962948","content-length":"76075","connection":"close"},"timespan":1556861455728}
[2019-05-03T13:30:55.731] [DEBUG] dev - [auth] 获取到到sessionKey为312c21287a990ae9ce6b1b7b23338167d619680d99e5ae9ad6a1d0ef179b12e3f6df37f0c936ed6f7aab33f05747db5b96dc6f265138de4bb6996809fb751aa7
[2019-05-03T13:30:55.758] [DEBUG] dev - [auth] 根据sessionKey查询到的用户为{"userType":0,"_id":"5ccbd1f582d46f873ef0bc86","openId":"o-IKV5MTJ92nGfM9UwZrriil7o4o","created":"2019-05-03T05:30:29.159Z","__v":0,"lastLogin":"2019-05-03T05:30:29.210Z"}
[2019-05-03T13:30:55.876] [INFO] dev - {"url":"/xcx/album/5ccbd20582d46f873ef0bc87","query":{},"headers":{"host":"localhost:4001","connection":"keep-alive","pragma":"no-cache","cache-control":"no-cache","x-session":"312c21287a990ae9ce6b1b7b23338167d619680d99e5ae9ad6a1d0ef179b12e3f6df37f0c936ed6f7aab33f05747db5b96dc6f265138de4bb6996809fb751aa7","user-agent":"Mozilla/5.0 (iPhone; CPU iPhone OS 9_1 like Mac OS X) AppleWebKit/601.1.46 (KHTML, like Gecko) Version/9.0 Mobile/13B143 Safari/601.1 wechatdevtools/1.02.1901230 MicroMessenger/6.7.3 Language/zh_CN webview/ token/e16330471a12720f55049477a2cac34a","content-type":"application/json","accept":"*/*","referer":"https://servicewechat.com/wx5cfb24d00805ef8b/devtools/page-frame.html","accept-encoding":"gzip, deflate, br"},"timespan":1556861455876}
[2019-05-03T13:30:55.878] [DEBUG] dev - [auth] 获取到到sessionKey为312c21287a990ae9ce6b1b7b23338167d619680d99e5ae9ad6a1d0ef179b12e3f6df37f0c936ed6f7aab33f05747db5b96dc6f265138de4bb6996809fb751aa7
[2019-05-03T13:30:55.921] [DEBUG] dev - [auth] 根据sessionKey查询到的用户为{"userType":0,"_id":"5ccbd1f582d46f873ef0bc86","openId":"o-IKV5MTJ92nGfM9UwZrriil7o4o","created":"2019-05-03T05:30:29.159Z","__v":0,"lastLogin":"2019-05-03T05:30:29.210Z"}
[2019-05-03T13:30:58.383] [INFO] dev - {"url":"/xcx/album","query":{},"headers":{"host":"localhost:4001","connection":"keep-alive","pragma":"no-cache","cache-control":"no-cache","x-session":"312c21287a990ae9ce6b1b7b23338167d619680d99e5ae9ad6a1d0ef179b12e3f6df37f0c936ed6f7aab33f05747db5b96dc6f265138de4bb6996809fb751aa7","user-agent":"Mozilla/5.0 (iPhone; CPU iPhone OS 9_1 like Mac OS X) AppleWebKit/601.1.46 (KHTML, like Gecko) Version/9.0 Mobile/13B143 Safari/601.1 wechatdevtools/1.02.1901230 MicroMessenger/6.7.3 Language/zh_CN webview/ token/e16330471a12720f55049477a2cac34a","content-type":"application/json","accept":"*/*","referer":"https://servicewechat.com/wx5cfb24d00805ef8b/devtools/page-frame.html","accept-encoding":"gzip, deflate, br"},"timespan":1556861458383}
[2019-05-03T13:30:58.384] [DEBUG] dev - [auth] 获取到到sessionKey为312c21287a990ae9ce6b1b7b23338167d619680d99e5ae9ad6a1d0ef179b12e3f6df37f0c936ed6f7aab33f05747db5b96dc6f265138de4bb6996809fb751aa7
[2019-05-03T13:30:58.417] [DEBUG] dev - [auth] 根据sessionKey查询到的用户为{"userType":0,"_id":"5ccbd1f582d46f873ef0bc86","openId":"o-IKV5MTJ92nGfM9UwZrriil7o4o","created":"2019-05-03T05:30:29.159Z","__v":0,"lastLogin":"2019-05-03T05:30:29.210Z"}
[2019-05-03T13:31:59.042] [INFO] dev - {"url":"/xcx/album","query":{},"headers":{"host":"localhost:4001","connection":"keep-alive","pragma":"no-cache","cache-control":"no-cache","x-session":"312c21287a990ae9ce6b1b7b23338167d619680d99e5ae9ad6a1d0ef179b12e3f6df37f0c936ed6f7aab33f05747db5b96dc6f265138de4bb6996809fb751aa7","user-agent":"Mozilla/5.0 (iPhone; CPU iPhone OS 9_1 like Mac OS X) AppleWebKit/601.1.46 (KHTML, like Gecko) Version/9.0 Mobile/13B143 Safari/601.1 wechatdevtools/1.02.1901230 MicroMessenger/6.7.3 Language/zh_CN webview/ token/e16330471a12720f55049477a2cac34a","content-type":"application/json","accept":"*/*","referer":"https://servicewechat.com/wx5cfb24d00805ef8b/devtools/page-frame.html","accept-encoding":"gzip, deflate, br"},"timespan":1556861519042}
[2019-05-03T13:31:59.043] [DEBUG] dev - [auth] 获取到到sessionKey为312c21287a990ae9ce6b1b7b23338167d619680d99e5ae9ad6a1d0ef179b12e3f6df37f0c936ed6f7aab33f05747db5b96dc6f265138de4bb6996809fb751aa7
[2019-05-03T13:31:59.153] [DEBUG] dev - [auth] 根据sessionKey查询到的用户为{"userType":0,"_id":"5ccbd1f582d46f873ef0bc86","openId":"o-IKV5MTJ92nGfM9UwZrriil7o4o","created":"2019-05-03T05:30:29.159Z","__v":0,"lastLogin":"2019-05-03T05:30:29.210Z"}
[2019-05-03T13:55:58.704] [INFO] dev - {"url":"//album","query":{},"headers":{"host":"localhost:4001","connection":"keep-alive","upgrade-insecure-requests":"1","user-agent":"Mozilla/5.0 (Macintosh; Intel Mac OS X 10_14_0) AppleWebKit/537.36 (KHTML, like Gecko) Chrome/74.0.3729.131 Safari/537.36","accept":"text/html,application/xhtml+xml,application/xml;q=0.9,image/webp,image/apng,*/*;q=0.8,application/signed-exchange;v=b3","accept-encoding":"gzip, deflate, br","accept-language":"zh-CN,zh;q=0.9","cookie":"_ga=GA1.1.755409367.1522551541; Webstorm-a23255eb=43de51ed-2110-4fed-940a-1cbc5be11ee0; Idea-669b03a4=5fd1defe-9e56-4362-bb9e-9d4cffdefda0; Idea-669b03a5=b00c0290-809d-4299-a0b3-6475a79c7d53; Hm_lvt_bc38887aa5588add05a38704342ad7e8=1546914873; Goland-64dd8baa=e0f5691e-3598-4f22-9d9b-b40dad136f21; connect.sid=s%3ATLKXUaFjHkFluZyR0gaAPYAHdgrLAchk.vrJFBpH4z%2FB%2Bzthfe1zBXcEiJPRhDDxT7twwAkUMW1w"},"timespan":1556862958704}
[2019-05-03T13:55:58.894] [INFO] dev - {"url":"/favicon.ico","query":{},"headers":{"host":"localhost:4001","connection":"keep-alive","user-agent":"Mozilla/5.0 (Macintosh; Intel Mac OS X 10_14_0) AppleWebKit/537.36 (KHTML, like Gecko) Chrome/74.0.3729.131 Safari/537.36","accept":"image/webp,image/apng,image/*,*/*;q=0.8","referer":"http://localhost:4001//album","accept-encoding":"gzip, deflate, br","accept-language":"zh-CN,zh;q=0.9","cookie":"_ga=GA1.1.755409367.1522551541; Webstorm-a23255eb=43de51ed-2110-4fed-940a-1cbc5be11ee0; Idea-669b03a4=5fd1defe-9e56-4362-bb9e-9d4cffdefda0; Idea-669b03a5=b00c0290-809d-4299-a0b3-6475a79c7d53; Hm_lvt_bc38887aa5588add05a38704342ad7e8=1546914873; Goland-64dd8baa=e0f5691e-3598-4f22-9d9b-b40dad136f21; connect.sid=s%3ATLKXUaFjHkFluZyR0gaAPYAHdgrLAchk.vrJFBpH4z%2FB%2Bzthfe1zBXcEiJPRhDDxT7twwAkUMW1w"},"timespan":1556862958894}
[2019-05-03T14:04:11.664] [INFO] dev - {"url":"/api","query":{},"headers":{"host":"localhost:4001","connection":"keep-alive","upgrade-insecure-requests":"1","user-agent":"Mozilla/5.0 (Macintosh; Intel Mac OS X 10_14_0) AppleWebKit/537.36 (KHTML, like Gecko) Chrome/74.0.3729.131 Safari/537.36","accept":"text/html,application/xhtml+xml,application/xml;q=0.9,image/webp,image/apng,*/*;q=0.8,application/signed-exchange;v=b3","accept-encoding":"gzip, deflate, br","accept-language":"zh-CN,zh;q=0.9","cookie":"_ga=GA1.1.755409367.1522551541; Webstorm-a23255eb=43de51ed-2110-4fed-940a-1cbc5be11ee0; Idea-669b03a4=5fd1defe-9e56-4362-bb9e-9d4cffdefda0; Idea-669b03a5=b00c0290-809d-4299-a0b3-6475a79c7d53; Hm_lvt_bc38887aa5588add05a38704342ad7e8=1546914873; Goland-64dd8baa=e0f5691e-3598-4f22-9d9b-b40dad136f21; connect.sid=s%3ATLKXUaFjHkFluZyR0gaAPYAHdgrLAchk.vrJFBpH4z%2FB%2Bzthfe1zBXcEiJPRhDDxT7twwAkUMW1w"},"timespan":1556863451664}
[2019-05-03T15:02:29.254] [INFO] dev - {"url":"/album","query":{},"headers":{"host":"localhost:4001","connection":"keep-alive","upgrade-insecure-requests":"1","user-agent":"Mozilla/5.0 (Macintosh; Intel Mac OS X 10_14_0) AppleWebKit/537.36 (KHTML, like Gecko) Chrome/74.0.3729.131 Safari/537.36","accept":"text/html,application/xhtml+xml,application/xml;q=0.9,image/webp,image/apng,*/*;q=0.8,application/signed-exchange;v=b3","accept-encoding":"gzip, deflate, br","accept-language":"zh-CN,zh;q=0.9","cookie":"_ga=GA1.1.755409367.1522551541; Webstorm-a23255eb=43de51ed-2110-4fed-940a-1cbc5be11ee0; Idea-669b03a4=5fd1defe-9e56-4362-bb9e-9d4cffdefda0; Idea-669b03a5=b00c0290-809d-4299-a0b3-6475a79c7d53; Hm_lvt_bc38887aa5588add05a38704342ad7e8=1546914873; Goland-64dd8baa=e0f5691e-3598-4f22-9d9b-b40dad136f21; connect.sid=s%3ATLKXUaFjHkFluZyR0gaAPYAHdgrLAchk.vrJFBpH4z%2FB%2Bzthfe1zBXcEiJPRhDDxT7twwAkUMW1w"},"timespan":1556866949254}
[2019-05-03T15:02:29.277] [DEBUG] dev - [auth] 获取到到sessionKey为
[2019-05-03T15:02:29.279] [ERROR] dev - UnauthorizedError: 请求头中未包含x-session
    at Object.throw (/Users/gxkai/koa-miniprogram/koa-service/node_modules/koa/lib/context.js:97:11)
    at module.exports (/Users/gxkai/koa-miniprogram/koa-service/middlewares/auth.js:8:18)
    at dispatch (/Users/gxkai/koa-miniprogram/koa-service/node_modules/koa-router/node_modules/koa-compose/index.js:44:32)
    at next (/Users/gxkai/koa-miniprogram/koa-service/node_modules/koa-router/node_modules/koa-compose/index.js:45:18)
    at /Users/gxkai/koa-miniprogram/koa-service/node_modules/koa-router/lib/router.js:346:16
    at dispatch (/Users/gxkai/koa-miniprogram/koa-service/node_modules/koa-router/node_modules/koa-compose/index.js:44:32)
    at /Users/gxkai/koa-miniprogram/koa-service/node_modules/koa-router/node_modules/koa-compose/index.js:36:12
    at dispatch (/Users/gxkai/koa-miniprogram/koa-service/node_modules/koa-router/lib/router.js:351:31)
    at dispatch (/Users/gxkai/koa-miniprogram/koa-service/node_modules/koa-compose/index.js:42:32)
    at app.use (/Users/gxkai/koa-miniprogram/koa-service/app.js:31:11)
    at dispatch (/Users/gxkai/koa-miniprogram/koa-service/node_modules/koa-compose/index.js:42:32)
    at app.use (/Users/gxkai/koa-miniprogram/koa-service/app.js:26:9)
    at dispatch (/Users/gxkai/koa-miniprogram/koa-service/node_modules/koa-compose/index.js:42:32)
    at serve (/Users/gxkai/koa-miniprogram/koa-service/node_modules/koa-static/index.js:53:15)
[2019-05-06T13:54:53.795] [INFO] dev - {"url":"/my","query":{},"headers":{"host":"localhost:4001","connection":"keep-alive","pragma":"no-cache","cache-control":"no-cache","x-session":"312c21287a990ae9ce6b1b7b233381673c4e6a27ec50f0aae68962027a4c64cc5da127870c120b2242617278f200bd9bb1f4c5fc404e677dcf3923dfea11d5e3","user-agent":"Mozilla/5.0 (iPhone; CPU iPhone OS 9_1 like Mac OS X) AppleWebKit/601.1.46 (KHTML, like Gecko) Version/9.0 Mobile/13B143 Safari/601.1 wechatdevtools/1.02.1904090 MicroMessenger/6.7.3 Language/zh_CN webview/","content-type":"application/json","accept":"*/*","referer":"https://servicewechat.com/wx5cfb24d00805ef8b/devtools/page-frame.html","accept-encoding":"gzip, deflate, br"},"timespan":1557122093793}
[2019-05-06T13:54:53.832] [DEBUG] dev - [auth] 获取到到sessionKey为312c21287a990ae9ce6b1b7b233381673c4e6a27ec50f0aae68962027a4c64cc5da127870c120b2242617278f200bd9bb1f4c5fc404e677dcf3923dfea11d5e3
[2019-05-06T13:54:53.894] [DEBUG] dev - [auth] 根据sessionKey查询到的用户为{"userType":0,"_id":"5ccbd1f582d46f873ef0bc86","openId":"o-IKV5MTJ92nGfM9UwZrriil7o4o","created":"2019-05-03T05:30:29.159Z","__v":0,"lastLogin":"2019-05-06T02:36:47.243Z"}
[2019-05-06T13:55:22.458] [INFO] dev - {"url":"/user","query":{},"headers":{"host":"localhost:4001","connection":"keep-alive","content-length":"179","pragma":"no-cache","cache-control":"no-cache","origin":"http://127.0.0.1:48707","x-session":"312c21287a990ae9ce6b1b7b233381673c4e6a27ec50f0aae68962027a4c64cc5da127870c120b2242617278f200bd9bb1f4c5fc404e677dcf3923dfea11d5e3","user-agent":"Mozilla/5.0 (iPhone; CPU iPhone OS 9_1 like Mac OS X) AppleWebKit/601.1.46 (KHTML, like Gecko) Version/9.0 Mobile/13B143 Safari/601.1 wechatdevtools/1.02.1904090 MicroMessenger/6.7.3 Language/zh_CN webview/","content-type":"application/json","accept":"*/*","referer":"https://servicewechat.com/wx5cfb24d00805ef8b/devtools/page-frame.html","accept-encoding":"gzip, deflate, br"},"timespan":1557122122458}
[2019-05-06T13:55:22.503] [DEBUG] dev - [auth] 获取到到sessionKey为312c21287a990ae9ce6b1b7b233381673c4e6a27ec50f0aae68962027a4c64cc5da127870c120b2242617278f200bd9bb1f4c5fc404e677dcf3923dfea11d5e3
[2019-05-06T13:55:22.530] [DEBUG] dev - [auth] 根据sessionKey查询到的用户为{"userType":0,"_id":"5ccbd1f582d46f873ef0bc86","openId":"o-IKV5MTJ92nGfM9UwZrriil7o4o","created":"2019-05-03T05:30:29.159Z","__v":0,"lastLogin":"2019-05-06T02:36:47.243Z"}
[2019-05-06T13:55:22.533] [ERROR] dev - TypeError: Cannot read property 'id' of undefined
    at router.put (/Users/gxkai/koa-miniprogram/koa-service/routes.js:38:65)
    at dispatch (/Users/gxkai/koa-miniprogram/koa-service/node_modules/koa-router/node_modules/koa-compose/index.js:44:32)
    at next (/Users/gxkai/koa-miniprogram/koa-service/node_modules/koa-router/node_modules/koa-compose/index.js:45:18)
    at module.exports (/Users/gxkai/koa-miniprogram/koa-service/middlewares/auth.js:31:9)
    at process._tickCallback (internal/process/next_tick.js:68:7)
[2019-05-06T13:55:22.592] [INFO] dev - {"url":"/my","query":{},"headers":{"host":"localhost:4001","connection":"keep-alive","pragma":"no-cache","cache-control":"no-cache","x-session":"312c21287a990ae9ce6b1b7b233381673c4e6a27ec50f0aae68962027a4c64cc5da127870c120b2242617278f200bd9bb1f4c5fc404e677dcf3923dfea11d5e3","user-agent":"Mozilla/5.0 (iPhone; CPU iPhone OS 9_1 like Mac OS X) AppleWebKit/601.1.46 (KHTML, like Gecko) Version/9.0 Mobile/13B143 Safari/601.1 wechatdevtools/1.02.1904090 MicroMessenger/6.7.3 Language/zh_CN webview/","content-type":"application/json","accept":"*/*","referer":"https://servicewechat.com/wx5cfb24d00805ef8b/devtools/page-frame.html","accept-encoding":"gzip, deflate, br"},"timespan":1557122122592}
[2019-05-06T13:55:22.595] [DEBUG] dev - [auth] 获取到到sessionKey为312c21287a990ae9ce6b1b7b233381673c4e6a27ec50f0aae68962027a4c64cc5da127870c120b2242617278f200bd9bb1f4c5fc404e677dcf3923dfea11d5e3
[2019-05-06T13:55:22.621] [DEBUG] dev - [auth] 根据sessionKey查询到的用户为{"userType":0,"_id":"5ccbd1f582d46f873ef0bc86","openId":"o-IKV5MTJ92nGfM9UwZrriil7o4o","created":"2019-05-03T05:30:29.159Z","__v":0,"lastLogin":"2019-05-06T02:36:47.243Z"}
[2019-05-06T13:57:12.373] [INFO] dev - {"url":"/my","query":{},"headers":{"host":"localhost:4001","connection":"keep-alive","pragma":"no-cache","cache-control":"no-cache","x-session":"312c21287a990ae9ce6b1b7b233381673c4e6a27ec50f0aae68962027a4c64cc5da127870c120b2242617278f200bd9bb1f4c5fc404e677dcf3923dfea11d5e3","user-agent":"Mozilla/5.0 (iPhone; CPU iPhone OS 9_1 like Mac OS X) AppleWebKit/601.1.46 (KHTML, like Gecko) Version/9.0 Mobile/13B143 Safari/601.1 wechatdevtools/1.02.1904090 MicroMessenger/6.7.3 Language/zh_CN webview/","content-type":"application/json","accept":"*/*","referer":"https://servicewechat.com/wx5cfb24d00805ef8b/devtools/page-frame.html","accept-encoding":"gzip, deflate, br"},"timespan":1557122232373}
[2019-05-06T13:57:12.378] [DEBUG] dev - [auth] 获取到到sessionKey为312c21287a990ae9ce6b1b7b233381673c4e6a27ec50f0aae68962027a4c64cc5da127870c120b2242617278f200bd9bb1f4c5fc404e677dcf3923dfea11d5e3
[2019-05-06T13:57:12.408] [DEBUG] dev - [auth] 根据sessionKey查询到的用户为{"userType":0,"_id":"5ccbd1f582d46f873ef0bc86","openId":"o-IKV5MTJ92nGfM9UwZrriil7o4o","created":"2019-05-03T05:30:29.159Z","__v":0,"lastLogin":"2019-05-06T02:36:47.243Z"}
[2019-05-06T13:57:28.639] [INFO] dev - {"url":"/user","query":{},"headers":{"host":"localhost:4001","connection":"keep-alive","content-length":"179","pragma":"no-cache","cache-control":"no-cache","origin":"http://127.0.0.1:48707","x-session":"312c21287a990ae9ce6b1b7b233381673c4e6a27ec50f0aae68962027a4c64cc5da127870c120b2242617278f200bd9bb1f4c5fc404e677dcf3923dfea11d5e3","user-agent":"Mozilla/5.0 (iPhone; CPU iPhone OS 9_1 like Mac OS X) AppleWebKit/601.1.46 (KHTML, like Gecko) Version/9.0 Mobile/13B143 Safari/601.1 wechatdevtools/1.02.1904090 MicroMessenger/6.7.3 Language/zh_CN webview/","content-type":"application/json","accept":"*/*","referer":"https://servicewechat.com/wx5cfb24d00805ef8b/devtools/page-frame.html","accept-encoding":"gzip, deflate, br"},"timespan":1557122248639}
[2019-05-06T13:57:28.641] [DEBUG] dev - [auth] 获取到到sessionKey为312c21287a990ae9ce6b1b7b233381673c4e6a27ec50f0aae68962027a4c64cc5da127870c120b2242617278f200bd9bb1f4c5fc404e677dcf3923dfea11d5e3
[2019-05-06T13:57:28.663] [DEBUG] dev - [auth] 根据sessionKey查询到的用户为{"userType":0,"_id":"5ccbd1f582d46f873ef0bc86","openId":"o-IKV5MTJ92nGfM9UwZrriil7o4o","created":"2019-05-03T05:30:29.159Z","__v":0,"lastLogin":"2019-05-06T02:36:47.243Z"}
[2019-05-06T13:57:28.663] [ERROR] dev - TypeError: Cannot read property 'id' of undefined
    at router.put (/Users/gxkai/koa-miniprogram/koa-service/routes.js:38:65)
    at dispatch (/Users/gxkai/koa-miniprogram/koa-service/node_modules/koa-router/node_modules/koa-compose/index.js:44:32)
    at next (/Users/gxkai/koa-miniprogram/koa-service/node_modules/koa-router/node_modules/koa-compose/index.js:45:18)
    at module.exports (/Users/gxkai/koa-miniprogram/koa-service/middlewares/auth.js:31:9)
    at process._tickCallback (internal/process/next_tick.js:68:7)
[2019-05-06T13:57:28.699] [INFO] dev - {"url":"/my","query":{},"headers":{"host":"localhost:4001","connection":"keep-alive","pragma":"no-cache","cache-control":"no-cache","x-session":"312c21287a990ae9ce6b1b7b233381673c4e6a27ec50f0aae68962027a4c64cc5da127870c120b2242617278f200bd9bb1f4c5fc404e677dcf3923dfea11d5e3","user-agent":"Mozilla/5.0 (iPhone; CPU iPhone OS 9_1 like Mac OS X) AppleWebKit/601.1.46 (KHTML, like Gecko) Version/9.0 Mobile/13B143 Safari/601.1 wechatdevtools/1.02.1904090 MicroMessenger/6.7.3 Language/zh_CN webview/","content-type":"application/json","accept":"*/*","referer":"https://servicewechat.com/wx5cfb24d00805ef8b/devtools/page-frame.html","accept-encoding":"gzip, deflate, br"},"timespan":1557122248699}
[2019-05-06T13:57:28.700] [DEBUG] dev - [auth] 获取到到sessionKey为312c21287a990ae9ce6b1b7b233381673c4e6a27ec50f0aae68962027a4c64cc5da127870c120b2242617278f200bd9bb1f4c5fc404e677dcf3923dfea11d5e3
[2019-05-06T13:57:28.730] [DEBUG] dev - [auth] 根据sessionKey查询到的用户为{"userType":0,"_id":"5ccbd1f582d46f873ef0bc86","openId":"o-IKV5MTJ92nGfM9UwZrriil7o4o","created":"2019-05-03T05:30:29.159Z","__v":0,"lastLogin":"2019-05-06T02:36:47.243Z"}
[2019-05-06T16:41:02.978] [INFO] dev - {"url":"/xcx/album","query":{},"headers":{"host":"localhost:4001","connection":"keep-alive","pragma":"no-cache","cache-control":"no-cache","x-session":"312c21287a990ae9ce6b1b7b23338167db3e1d8575afdfa6b1b712868ec04a4ec940be8a38b24a3bd3ba09dff46a143dcead4f3e5a1aba559937de49fa51fabc","user-agent":"Mozilla/5.0 (iPhone; CPU iPhone OS 9_1 like Mac OS X) AppleWebKit/601.1.46 (KHTML, like Gecko) Version/9.0 Mobile/13B143 Safari/601.1 wechatdevtools/1.02.1904090 MicroMessenger/6.7.3 Language/zh_CN webview/","content-type":"application/json","accept":"*/*","referer":"https://servicewechat.com/wx5cfb24d00805ef8b/devtools/page-frame.html","accept-encoding":"gzip, deflate, br"},"timespan":1557132062978}
[2019-05-06T16:41:02.995] [DEBUG] dev - [auth] 获取到到sessionKey为312c21287a990ae9ce6b1b7b23338167db3e1d8575afdfa6b1b712868ec04a4ec940be8a38b24a3bd3ba09dff46a143dcead4f3e5a1aba559937de49fa51fabc
[2019-05-06T16:41:03.146] [DEBUG] dev - [auth] 根据sessionKey查询到的用户为{"userType":0,"_id":"5ccbd1f582d46f873ef0bc86","openId":"o-IKV5MTJ92nGfM9UwZrriil7o4o","created":"2019-05-03T05:30:29.159Z","__v":0,"lastLogin":"2019-05-06T08:15:41.721Z","avatar":"https://wx.qlogo.cn/mmopen/vi_32/Q0j4TwGTfTK0kt9KiaztfWgxl5Ozy8dgoTBwHbmQwajWxiamtYaic5NXticyKXEGZDicIVJWXPDicOArWaYJMk6mfnKw/132","name":"不再是旧日熟悉的我"}
[2019-05-06T16:41:12.727] [INFO] dev - {"url":"/xcx/album","query":{},"headers":{"host":"localhost:4001","connection":"keep-alive","pragma":"no-cache","cache-control":"no-cache","x-session":"312c21287a990ae9ce6b1b7b23338167db3e1d8575afdfa6b1b712868ec04a4ec940be8a38b24a3bd3ba09dff46a143dcead4f3e5a1aba559937de49fa51fabc","user-agent":"Mozilla/5.0 (iPhone; CPU iPhone OS 9_1 like Mac OS X) AppleWebKit/601.1.46 (KHTML, like Gecko) Version/9.0 Mobile/13B143 Safari/601.1 wechatdevtools/1.02.1904090 MicroMessenger/6.7.3 Language/zh_CN webview/","content-type":"application/json","accept":"*/*","referer":"https://servicewechat.com/wx5cfb24d00805ef8b/devtools/page-frame.html","accept-encoding":"gzip, deflate, br"},"timespan":1557132072727}
[2019-05-06T16:41:12.729] [DEBUG] dev - [auth] 获取到到sessionKey为312c21287a990ae9ce6b1b7b23338167db3e1d8575afdfa6b1b712868ec04a4ec940be8a38b24a3bd3ba09dff46a143dcead4f3e5a1aba559937de49fa51fabc
[2019-05-06T16:41:12.794] [DEBUG] dev - [auth] 根据sessionKey查询到的用户为{"userType":0,"_id":"5ccbd1f582d46f873ef0bc86","openId":"o-IKV5MTJ92nGfM9UwZrriil7o4o","created":"2019-05-03T05:30:29.159Z","__v":0,"lastLogin":"2019-05-06T08:15:41.721Z","avatar":"https://wx.qlogo.cn/mmopen/vi_32/Q0j4TwGTfTK0kt9KiaztfWgxl5Ozy8dgoTBwHbmQwajWxiamtYaic5NXticyKXEGZDicIVJWXPDicOArWaYJMk6mfnKw/132","name":"不再是旧日熟悉的我"}
[2019-05-06T16:41:15.001] [INFO] dev - {"url":"/xcx/album/5ccbd20582d46f873ef0bc87","query":{},"headers":{"host":"localhost:4001","connection":"keep-alive","pragma":"no-cache","cache-control":"no-cache","x-session":"312c21287a990ae9ce6b1b7b23338167db3e1d8575afdfa6b1b712868ec04a4ec940be8a38b24a3bd3ba09dff46a143dcead4f3e5a1aba559937de49fa51fabc","user-agent":"Mozilla/5.0 (iPhone; CPU iPhone OS 9_1 like Mac OS X) AppleWebKit/601.1.46 (KHTML, like Gecko) Version/9.0 Mobile/13B143 Safari/601.1 wechatdevtools/1.02.1904090 MicroMessenger/6.7.3 Language/zh_CN webview/","content-type":"application/json","accept":"*/*","referer":"https://servicewechat.com/wx5cfb24d00805ef8b/devtools/page-frame.html","accept-encoding":"gzip, deflate, br"},"timespan":1557132075001}
[2019-05-06T16:41:15.002] [DEBUG] dev - [auth] 获取到到sessionKey为312c21287a990ae9ce6b1b7b23338167db3e1d8575afdfa6b1b712868ec04a4ec940be8a38b24a3bd3ba09dff46a143dcead4f3e5a1aba559937de49fa51fabc
[2019-05-06T16:41:15.064] [DEBUG] dev - [auth] 根据sessionKey查询到的用户为{"userType":0,"_id":"5ccbd1f582d46f873ef0bc86","openId":"o-IKV5MTJ92nGfM9UwZrriil7o4o","created":"2019-05-03T05:30:29.159Z","__v":0,"lastLogin":"2019-05-06T08:15:41.721Z","avatar":"https://wx.qlogo.cn/mmopen/vi_32/Q0j4TwGTfTK0kt9KiaztfWgxl5Ozy8dgoTBwHbmQwajWxiamtYaic5NXticyKXEGZDicIVJWXPDicOArWaYJMk6mfnKw/132","name":"不再是旧日熟悉的我"}
[2019-05-06T16:41:20.928] [INFO] dev - {"url":"/xcx/album","query":{},"headers":{"host":"localhost:4001","connection":"keep-alive","pragma":"no-cache","cache-control":"no-cache","x-session":"312c21287a990ae9ce6b1b7b23338167db3e1d8575afdfa6b1b712868ec04a4ec940be8a38b24a3bd3ba09dff46a143dcead4f3e5a1aba559937de49fa51fabc","user-agent":"Mozilla/5.0 (iPhone; CPU iPhone OS 9_1 like Mac OS X) AppleWebKit/601.1.46 (KHTML, like Gecko) Version/9.0 Mobile/13B143 Safari/601.1 wechatdevtools/1.02.1904090 MicroMessenger/6.7.3 Language/zh_CN webview/","content-type":"application/json","accept":"*/*","referer":"https://servicewechat.com/wx5cfb24d00805ef8b/devtools/page-frame.html","accept-encoding":"gzip, deflate, br"},"timespan":1557132080928}
[2019-05-06T16:41:20.930] [DEBUG] dev - [auth] 获取到到sessionKey为312c21287a990ae9ce6b1b7b23338167db3e1d8575afdfa6b1b712868ec04a4ec940be8a38b24a3bd3ba09dff46a143dcead4f3e5a1aba559937de49fa51fabc
[2019-05-06T16:41:21.166] [DEBUG] dev - [auth] 根据sessionKey查询到的用户为{"userType":0,"_id":"5ccbd1f582d46f873ef0bc86","openId":"o-IKV5MTJ92nGfM9UwZrriil7o4o","created":"2019-05-03T05:30:29.159Z","__v":0,"lastLogin":"2019-05-06T08:15:41.721Z","avatar":"https://wx.qlogo.cn/mmopen/vi_32/Q0j4TwGTfTK0kt9KiaztfWgxl5Ozy8dgoTBwHbmQwajWxiamtYaic5NXticyKXEGZDicIVJWXPDicOArWaYJMk6mfnKw/132","name":"不再是旧日熟悉的我"}
[2019-05-06T16:42:07.331] [INFO] dev - {"url":"/xcx/album","query":{},"headers":{"host":"localhost:4001","connection":"keep-alive","pragma":"no-cache","cache-control":"no-cache","x-session":"312c21287a990ae9ce6b1b7b23338167db3e1d8575afdfa6b1b712868ec04a4ec940be8a38b24a3bd3ba09dff46a143dcead4f3e5a1aba559937de49fa51fabc","user-agent":"Mozilla/5.0 (iPhone; CPU iPhone OS 9_1 like Mac OS X) AppleWebKit/601.1.46 (KHTML, like Gecko) Version/9.0 Mobile/13B143 Safari/601.1 wechatdevtools/1.02.1904090 MicroMessenger/6.7.3 Language/zh_CN webview/","content-type":"application/json","accept":"*/*","referer":"https://servicewechat.com/wx5cfb24d00805ef8b/devtools/page-frame.html","accept-encoding":"gzip, deflate, br"},"timespan":1557132127331}
[2019-05-06T16:42:07.332] [DEBUG] dev - [auth] 获取到到sessionKey为312c21287a990ae9ce6b1b7b23338167db3e1d8575afdfa6b1b712868ec04a4ec940be8a38b24a3bd3ba09dff46a143dcead4f3e5a1aba559937de49fa51fabc
[2019-05-06T16:42:07.402] [DEBUG] dev - [auth] 根据sessionKey查询到的用户为{"userType":0,"_id":"5ccbd1f582d46f873ef0bc86","openId":"o-IKV5MTJ92nGfM9UwZrriil7o4o","created":"2019-05-03T05:30:29.159Z","__v":0,"lastLogin":"2019-05-06T08:15:41.721Z","avatar":"https://wx.qlogo.cn/mmopen/vi_32/Q0j4TwGTfTK0kt9KiaztfWgxl5Ozy8dgoTBwHbmQwajWxiamtYaic5NXticyKXEGZDicIVJWXPDicOArWaYJMk6mfnKw/132","name":"不再是旧日熟悉的我"}
[2019-05-06T16:42:15.585] [INFO] dev - {"url":"/album","query":{},"headers":{"host":"localhost:4001","connection":"keep-alive","content-length":"15","pragma":"no-cache","cache-control":"no-cache","origin":"http://127.0.0.1:57222","x-session":"312c21287a990ae9ce6b1b7b23338167db3e1d8575afdfa6b1b712868ec04a4ec940be8a38b24a3bd3ba09dff46a143dcead4f3e5a1aba559937de49fa51fabc","user-agent":"Mozilla/5.0 (iPhone; CPU iPhone OS 9_1 like Mac OS X) AppleWebKit/601.1.46 (KHTML, like Gecko) Version/9.0 Mobile/13B143 Safari/601.1 wechatdevtools/1.02.1904090 MicroMessenger/6.7.3 Language/zh_CN webview/","content-type":"application/json","accept":"*/*","referer":"https://servicewechat.com/wx5cfb24d00805ef8b/devtools/page-frame.html","accept-encoding":"gzip, deflate, br"},"timespan":1557132135585}
[2019-05-06T16:42:15.609] [DEBUG] dev - [auth] 获取到到sessionKey为312c21287a990ae9ce6b1b7b23338167db3e1d8575afdfa6b1b712868ec04a4ec940be8a38b24a3bd3ba09dff46a143dcead4f3e5a1aba559937de49fa51fabc
[2019-05-06T16:42:15.683] [DEBUG] dev - [auth] 根据sessionKey查询到的用户为{"userType":0,"_id":"5ccbd1f582d46f873ef0bc86","openId":"o-IKV5MTJ92nGfM9UwZrriil7o4o","created":"2019-05-03T05:30:29.159Z","__v":0,"lastLogin":"2019-05-06T08:15:41.721Z","avatar":"https://wx.qlogo.cn/mmopen/vi_32/Q0j4TwGTfTK0kt9KiaztfWgxl5Ozy8dgoTBwHbmQwajWxiamtYaic5NXticyKXEGZDicIVJWXPDicOArWaYJMk6mfnKw/132","name":"不再是旧日熟悉的我"}
[2019-05-06T16:42:15.789] [INFO] dev - {"url":"/xcx/album","query":{},"headers":{"host":"localhost:4001","connection":"keep-alive","pragma":"no-cache","cache-control":"no-cache","x-session":"312c21287a990ae9ce6b1b7b23338167db3e1d8575afdfa6b1b712868ec04a4ec940be8a38b24a3bd3ba09dff46a143dcead4f3e5a1aba559937de49fa51fabc","user-agent":"Mozilla/5.0 (iPhone; CPU iPhone OS 9_1 like Mac OS X) AppleWebKit/601.1.46 (KHTML, like Gecko) Version/9.0 Mobile/13B143 Safari/601.1 wechatdevtools/1.02.1904090 MicroMessenger/6.7.3 Language/zh_CN webview/","content-type":"application/json","accept":"*/*","referer":"https://servicewechat.com/wx5cfb24d00805ef8b/devtools/page-frame.html","accept-encoding":"gzip, deflate, br"},"timespan":1557132135789}
[2019-05-06T16:42:15.791] [DEBUG] dev - [auth] 获取到到sessionKey为312c21287a990ae9ce6b1b7b23338167db3e1d8575afdfa6b1b712868ec04a4ec940be8a38b24a3bd3ba09dff46a143dcead4f3e5a1aba559937de49fa51fabc
[2019-05-06T16:42:15.843] [DEBUG] dev - [auth] 根据sessionKey查询到的用户为{"userType":0,"_id":"5ccbd1f582d46f873ef0bc86","openId":"o-IKV5MTJ92nGfM9UwZrriil7o4o","created":"2019-05-03T05:30:29.159Z","__v":0,"lastLogin":"2019-05-06T08:15:41.721Z","avatar":"https://wx.qlogo.cn/mmopen/vi_32/Q0j4TwGTfTK0kt9KiaztfWgxl5Ozy8dgoTBwHbmQwajWxiamtYaic5NXticyKXEGZDicIVJWXPDicOArWaYJMk6mfnKw/132","name":"不再是旧日熟悉的我"}
[2019-05-06T16:42:16.855] [INFO] dev - {"url":"/xcx/album/5ccff367aa1a017b93357e6c","query":{},"headers":{"host":"localhost:4001","connection":"keep-alive","pragma":"no-cache","cache-control":"no-cache","x-session":"312c21287a990ae9ce6b1b7b23338167db3e1d8575afdfa6b1b712868ec04a4ec940be8a38b24a3bd3ba09dff46a143dcead4f3e5a1aba559937de49fa51fabc","user-agent":"Mozilla/5.0 (iPhone; CPU iPhone OS 9_1 like Mac OS X) AppleWebKit/601.1.46 (KHTML, like Gecko) Version/9.0 Mobile/13B143 Safari/601.1 wechatdevtools/1.02.1904090 MicroMessenger/6.7.3 Language/zh_CN webview/","content-type":"application/json","accept":"*/*","referer":"https://servicewechat.com/wx5cfb24d00805ef8b/devtools/page-frame.html","accept-encoding":"gzip, deflate, br"},"timespan":1557132136855}
[2019-05-06T16:42:16.856] [DEBUG] dev - [auth] 获取到到sessionKey为312c21287a990ae9ce6b1b7b23338167db3e1d8575afdfa6b1b712868ec04a4ec940be8a38b24a3bd3ba09dff46a143dcead4f3e5a1aba559937de49fa51fabc
[2019-05-06T16:42:17.068] [DEBUG] dev - [auth] 根据sessionKey查询到的用户为{"userType":0,"_id":"5ccbd1f582d46f873ef0bc86","openId":"o-IKV5MTJ92nGfM9UwZrriil7o4o","created":"2019-05-03T05:30:29.159Z","__v":0,"lastLogin":"2019-05-06T08:15:41.721Z","avatar":"https://wx.qlogo.cn/mmopen/vi_32/Q0j4TwGTfTK0kt9KiaztfWgxl5Ozy8dgoTBwHbmQwajWxiamtYaic5NXticyKXEGZDicIVJWXPDicOArWaYJMk6mfnKw/132","name":"不再是旧日熟悉的我"}
[2019-05-06T16:42:29.926] [INFO] dev - {"url":"/photo","query":{},"headers":{"x-session":"312c21287a990ae9ce6b1b7b23338167db3e1d8575afdfa6b1b712868ec04a4ec940be8a38b24a3bd3ba09dff46a143dcead4f3e5a1aba559937de49fa51fabc","referer":"https://servicewechat.com/wx5cfb24d00805ef8b/devtools/page-frame.html","user-agent":"Mozilla/5.0 (iPhone; CPU iPhone OS 9_1 like Mac OS X) AppleWebKit/601.1.46 (KHTML, like Gecko) Version/9.0 Mobile/13B143 Safari/601.1 wechatdevtools/1.02.1904090 MicroMessenger/6.7.3 Language/zh_CN webview/","host":"localhost:4001","content-type":"multipart/form-data; boundary=--------------------------517443117018886237442364","content-length":"141819","connection":"close"},"timespan":1557132149926}
[2019-05-06T16:42:29.927] [DEBUG] dev - [auth] 获取到到sessionKey为312c21287a990ae9ce6b1b7b23338167db3e1d8575afdfa6b1b712868ec04a4ec940be8a38b24a3bd3ba09dff46a143dcead4f3e5a1aba559937de49fa51fabc
[2019-05-06T16:42:30.003] [DEBUG] dev - [auth] 根据sessionKey查询到的用户为{"userType":0,"_id":"5ccbd1f582d46f873ef0bc86","openId":"o-IKV5MTJ92nGfM9UwZrriil7o4o","created":"2019-05-03T05:30:29.159Z","__v":0,"lastLogin":"2019-05-06T08:15:41.721Z","avatar":"https://wx.qlogo.cn/mmopen/vi_32/Q0j4TwGTfTK0kt9KiaztfWgxl5Ozy8dgoTBwHbmQwajWxiamtYaic5NXticyKXEGZDicIVJWXPDicOArWaYJMk6mfnKw/132","name":"不再是旧日熟悉的我"}
[2019-05-06T16:42:30.153] [INFO] dev - {"url":"/xcx/album/5ccff367aa1a017b93357e6c","query":{},"headers":{"host":"localhost:4001","connection":"keep-alive","pragma":"no-cache","cache-control":"no-cache","x-session":"312c21287a990ae9ce6b1b7b23338167db3e1d8575afdfa6b1b712868ec04a4ec940be8a38b24a3bd3ba09dff46a143dcead4f3e5a1aba559937de49fa51fabc","user-agent":"Mozilla/5.0 (iPhone; CPU iPhone OS 9_1 like Mac OS X) AppleWebKit/601.1.46 (KHTML, like Gecko) Version/9.0 Mobile/13B143 Safari/601.1 wechatdevtools/1.02.1904090 MicroMessenger/6.7.3 Language/zh_CN webview/","content-type":"application/json","accept":"*/*","referer":"https://servicewechat.com/wx5cfb24d00805ef8b/devtools/page-frame.html","accept-encoding":"gzip, deflate, br"},"timespan":1557132150153}
[2019-05-06T16:42:30.153] [DEBUG] dev - [auth] 获取到到sessionKey为312c21287a990ae9ce6b1b7b23338167db3e1d8575afdfa6b1b712868ec04a4ec940be8a38b24a3bd3ba09dff46a143dcead4f3e5a1aba559937de49fa51fabc
[2019-05-06T16:42:30.222] [DEBUG] dev - [auth] 根据sessionKey查询到的用户为{"userType":0,"_id":"5ccbd1f582d46f873ef0bc86","openId":"o-IKV5MTJ92nGfM9UwZrriil7o4o","created":"2019-05-03T05:30:29.159Z","__v":0,"lastLogin":"2019-05-06T08:15:41.721Z","avatar":"https://wx.qlogo.cn/mmopen/vi_32/Q0j4TwGTfTK0kt9KiaztfWgxl5Ozy8dgoTBwHbmQwajWxiamtYaic5NXticyKXEGZDicIVJWXPDicOArWaYJMk6mfnKw/132","name":"不再是旧日熟悉的我"}
[2019-05-06T16:42:36.604] [INFO] dev - {"url":"/xcx/album","query":{},"headers":{"host":"localhost:4001","connection":"keep-alive","pragma":"no-cache","cache-control":"no-cache","x-session":"312c21287a990ae9ce6b1b7b23338167db3e1d8575afdfa6b1b712868ec04a4ec940be8a38b24a3bd3ba09dff46a143dcead4f3e5a1aba559937de49fa51fabc","user-agent":"Mozilla/5.0 (iPhone; CPU iPhone OS 9_1 like Mac OS X) AppleWebKit/601.1.46 (KHTML, like Gecko) Version/9.0 Mobile/13B143 Safari/601.1 wechatdevtools/1.02.1904090 MicroMessenger/6.7.3 Language/zh_CN webview/","content-type":"application/json","accept":"*/*","referer":"https://servicewechat.com/wx5cfb24d00805ef8b/devtools/page-frame.html","accept-encoding":"gzip, deflate, br"},"timespan":1557132156604}
[2019-05-06T16:42:36.606] [DEBUG] dev - [auth] 获取到到sessionKey为312c21287a990ae9ce6b1b7b23338167db3e1d8575afdfa6b1b712868ec04a4ec940be8a38b24a3bd3ba09dff46a143dcead4f3e5a1aba559937de49fa51fabc
[2019-05-06T16:42:36.685] [DEBUG] dev - [auth] 根据sessionKey查询到的用户为{"userType":0,"_id":"5ccbd1f582d46f873ef0bc86","openId":"o-IKV5MTJ92nGfM9UwZrriil7o4o","created":"2019-05-03T05:30:29.159Z","__v":0,"lastLogin":"2019-05-06T08:15:41.721Z","avatar":"https://wx.qlogo.cn/mmopen/vi_32/Q0j4TwGTfTK0kt9KiaztfWgxl5Ozy8dgoTBwHbmQwajWxiamtYaic5NXticyKXEGZDicIVJWXPDicOArWaYJMk6mfnKw/132","name":"不再是旧日熟悉的我"}
[2019-05-06T16:43:04.025] [INFO] dev - {"url":"/xcx/album/5ccff367aa1a017b93357e6c","query":{},"headers":{"host":"localhost:4001","connection":"keep-alive","pragma":"no-cache","cache-control":"no-cache","x-session":"312c21287a990ae9ce6b1b7b23338167db3e1d8575afdfa6b1b712868ec04a4ec940be8a38b24a3bd3ba09dff46a143dcead4f3e5a1aba559937de49fa51fabc","user-agent":"Mozilla/5.0 (iPhone; CPU iPhone OS 9_1 like Mac OS X) AppleWebKit/601.1.46 (KHTML, like Gecko) Version/9.0 Mobile/13B143 Safari/601.1 wechatdevtools/1.02.1904090 MicroMessenger/6.7.3 Language/zh_CN webview/","content-type":"application/json","accept":"*/*","referer":"https://servicewechat.com/wx5cfb24d00805ef8b/devtools/page-frame.html","accept-encoding":"gzip, deflate, br"},"timespan":1557132184025}
[2019-05-06T16:43:04.027] [DEBUG] dev - [auth] 获取到到sessionKey为312c21287a990ae9ce6b1b7b23338167db3e1d8575afdfa6b1b712868ec04a4ec940be8a38b24a3bd3ba09dff46a143dcead4f3e5a1aba559937de49fa51fabc
[2019-05-06T16:43:04.096] [DEBUG] dev - [auth] 根据sessionKey查询到的用户为{"userType":0,"_id":"5ccbd1f582d46f873ef0bc86","openId":"o-IKV5MTJ92nGfM9UwZrriil7o4o","created":"2019-05-03T05:30:29.159Z","__v":0,"lastLogin":"2019-05-06T08:15:41.721Z","avatar":"https://wx.qlogo.cn/mmopen/vi_32/Q0j4TwGTfTK0kt9KiaztfWgxl5Ozy8dgoTBwHbmQwajWxiamtYaic5NXticyKXEGZDicIVJWXPDicOArWaYJMk6mfnKw/132","name":"不再是旧日熟悉的我"}
[2019-05-06T16:43:34.883] [INFO] dev - {"url":"/xcx/album","query":{},"headers":{"host":"localhost:4001","connection":"keep-alive","pragma":"no-cache","cache-control":"no-cache","x-session":"312c21287a990ae9ce6b1b7b23338167db3e1d8575afdfa6b1b712868ec04a4ec940be8a38b24a3bd3ba09dff46a143dcead4f3e5a1aba559937de49fa51fabc","user-agent":"Mozilla/5.0 (iPhone; CPU iPhone OS 9_1 like Mac OS X) AppleWebKit/601.1.46 (KHTML, like Gecko) Version/9.0 Mobile/13B143 Safari/601.1 wechatdevtools/1.02.1904090 MicroMessenger/6.7.3 Language/zh_CN webview/","content-type":"application/json","accept":"*/*","referer":"https://servicewechat.com/wx5cfb24d00805ef8b/devtools/page-frame.html","accept-encoding":"gzip, deflate, br"},"timespan":1557132214883}
[2019-05-06T16:43:34.884] [DEBUG] dev - [auth] 获取到到sessionKey为312c21287a990ae9ce6b1b7b23338167db3e1d8575afdfa6b1b712868ec04a4ec940be8a38b24a3bd3ba09dff46a143dcead4f3e5a1aba559937de49fa51fabc
[2019-05-06T16:43:34.940] [DEBUG] dev - [auth] 根据sessionKey查询到的用户为{"userType":0,"_id":"5ccbd1f582d46f873ef0bc86","openId":"o-IKV5MTJ92nGfM9UwZrriil7o4o","created":"2019-05-03T05:30:29.159Z","__v":0,"lastLogin":"2019-05-06T08:15:41.721Z","avatar":"https://wx.qlogo.cn/mmopen/vi_32/Q0j4TwGTfTK0kt9KiaztfWgxl5Ozy8dgoTBwHbmQwajWxiamtYaic5NXticyKXEGZDicIVJWXPDicOArWaYJMk6mfnKw/132","name":"不再是旧日熟悉的我"}
[2019-05-06T16:44:00.428] [INFO] dev - {"url":"/xcx/album/5ccff367aa1a017b93357e6c","query":{},"headers":{"host":"localhost:4001","connection":"keep-alive","pragma":"no-cache","cache-control":"no-cache","x-session":"312c21287a990ae9ce6b1b7b23338167db3e1d8575afdfa6b1b712868ec04a4ec940be8a38b24a3bd3ba09dff46a143dcead4f3e5a1aba559937de49fa51fabc","user-agent":"Mozilla/5.0 (iPhone; CPU iPhone OS 9_1 like Mac OS X) AppleWebKit/601.1.46 (KHTML, like Gecko) Version/9.0 Mobile/13B143 Safari/601.1 wechatdevtools/1.02.1904090 MicroMessenger/6.7.3 Language/zh_CN webview/","content-type":"application/json","accept":"*/*","referer":"https://servicewechat.com/wx5cfb24d00805ef8b/devtools/page-frame.html","accept-encoding":"gzip, deflate, br"},"timespan":1557132240428}
[2019-05-06T16:44:00.429] [DEBUG] dev - [auth] 获取到到sessionKey为312c21287a990ae9ce6b1b7b23338167db3e1d8575afdfa6b1b712868ec04a4ec940be8a38b24a3bd3ba09dff46a143dcead4f3e5a1aba559937de49fa51fabc
[2019-05-06T16:44:00.528] [DEBUG] dev - [auth] 根据sessionKey查询到的用户为{"userType":0,"_id":"5ccbd1f582d46f873ef0bc86","openId":"o-IKV5MTJ92nGfM9UwZrriil7o4o","created":"2019-05-03T05:30:29.159Z","__v":0,"lastLogin":"2019-05-06T08:15:41.721Z","avatar":"https://wx.qlogo.cn/mmopen/vi_32/Q0j4TwGTfTK0kt9KiaztfWgxl5Ozy8dgoTBwHbmQwajWxiamtYaic5NXticyKXEGZDicIVJWXPDicOArWaYJMk6mfnKw/132","name":"不再是旧日熟悉的我"}
[2019-05-06T16:44:00.689] [INFO] dev - {"url":"/cfecb660-db9e-4698-9143-6eb181e824cf.JPG","query":{},"headers":{"host":"localhost:4001","connection":"keep-alive","user-agent":"Mozilla/5.0 (iPhone; CPU iPhone OS 9_1 like Mac OS X) AppleWebKit/601.1.46 (KHTML, like Gecko) Version/9.0 Mobile/13B143 Safari/601.1 wechatdevtools/1.02.1904090 MicroMessenger/6.7.3 Language/zh_CN webview/51 miniprogram port/28295 token/ba8e2ce61ff378973daf174f056f83f1","accept":"image/webp,image/apng,image/*,*/*;q=0.8","referer":"https://servicewechat.com/wx5cfb24d00805ef8b/devtools/page-frame.html","accept-encoding":"gzip, deflate, br"},"timespan":1557132240689}
[2019-05-06T16:52:51.806] [INFO] dev - {"url":"/cfecb660-db9e-4698-9143-6eb181e824cf.JPG","query":{},"headers":{"host":"localhost:4001","connection":"keep-alive","user-agent":"Mozilla/5.0 (Macintosh; Intel Mac OS X 10_14_0) AppleWebKit/537.36 (KHTML, like Gecko) Chrome/60.0.3112.113 Safari/537.36","accept":"image/webp,image/apng,image/*,*/*;q=0.8","accept-encoding":"gzip, deflate, br","accept-language":"zh-CN,zh;q=0.8"},"timespan":1557132771806}
[2019-05-07T08:27:42.051] [INFO] dev - {"url":"/login?code=021r3zp02tN3WT0PWFp02pnLp02r3zp8","query":{"code":"021r3zp02tN3WT0PWFp02pnLp02r3zp8"},"headers":{"host":"localhost:4001","connection":"keep-alive","pragma":"no-cache","cache-control":"no-cache","x-session":"","user-agent":"Mozilla/5.0 (iPhone; CPU iPhone OS 9_1 like Mac OS X) AppleWebKit/601.1.46 (KHTML, like Gecko) Version/9.0 Mobile/13B143 Safari/601.1 wechatdevtools/1.02.1904090 MicroMessenger/6.7.3 Language/zh_CN webview/","content-type":"application/json","accept":"*/*","referer":"https://servicewechat.com/wx5cfb24d00805ef8b/devtools/page-frame.html","accept-encoding":"gzip, deflate, br"},"timespan":1557188862051}
[2019-05-07T08:27:42.071] [INFO] dev - [login] 用户登陆Code为021r3zp02tN3WT0PWFp02pnLp02r3zp8
[2019-05-07T08:27:42.433] [INFO] dev - {"url":"/my","query":{},"headers":{"host":"localhost:4001","connection":"keep-alive","pragma":"no-cache","cache-control":"no-cache","x-session":"312c21287a990ae9ce6b1b7b23338167dad6dc590d9e660e6ea08b3dcf53885620373002eade915bea1b0c019656664e7a9f72618a343a980feb5e6f0084c488","user-agent":"Mozilla/5.0 (iPhone; CPU iPhone OS 9_1 like Mac OS X) AppleWebKit/601.1.46 (KHTML, like Gecko) Version/9.0 Mobile/13B143 Safari/601.1 wechatdevtools/1.02.1904090 MicroMessenger/6.7.3 Language/zh_CN webview/","content-type":"application/json","accept":"*/*","referer":"https://servicewechat.com/wx5cfb24d00805ef8b/devtools/page-frame.html","accept-encoding":"gzip, deflate, br"},"timespan":1557188862433}
[2019-05-07T08:27:42.438] [DEBUG] dev - [auth] 获取到到sessionKey为312c21287a990ae9ce6b1b7b23338167dad6dc590d9e660e6ea08b3dcf53885620373002eade915bea1b0c019656664e7a9f72618a343a980feb5e6f0084c488
[2019-05-07T08:27:42.469] [DEBUG] dev - [auth] 根据sessionKey查询到的用户为{"userType":0,"_id":"5ccbd1f582d46f873ef0bc86","openId":"o-IKV5MTJ92nGfM9UwZrriil7o4o","created":"2019-05-03T05:30:29.159Z","__v":0,"lastLogin":"2019-05-07T00:27:42.315Z","avatar":"https://wx.qlogo.cn/mmopen/vi_32/Q0j4TwGTfTK0kt9KiaztfWgxl5Ozy8dgoTBwHbmQwajWxiamtYaic5NXticyKXEGZDicIVJWXPDicOArWaYJMk6mfnKw/132","name":"不再是旧日熟悉的我"}
[2019-05-07T08:27:49.519] [INFO] dev - {"url":"/xcx/album","query":{},"headers":{"host":"localhost:4001","connection":"keep-alive","pragma":"no-cache","cache-control":"no-cache","x-session":"312c21287a990ae9ce6b1b7b23338167dad6dc590d9e660e6ea08b3dcf53885620373002eade915bea1b0c019656664e7a9f72618a343a980feb5e6f0084c488","user-agent":"Mozilla/5.0 (iPhone; CPU iPhone OS 9_1 like Mac OS X) AppleWebKit/601.1.46 (KHTML, like Gecko) Version/9.0 Mobile/13B143 Safari/601.1 wechatdevtools/1.02.1904090 MicroMessenger/6.7.3 Language/zh_CN webview/","content-type":"application/json","accept":"*/*","referer":"https://servicewechat.com/wx5cfb24d00805ef8b/devtools/page-frame.html","accept-encoding":"gzip, deflate, br"},"timespan":1557188869519}
[2019-05-07T08:27:49.521] [DEBUG] dev - [auth] 获取到到sessionKey为312c21287a990ae9ce6b1b7b23338167dad6dc590d9e660e6ea08b3dcf53885620373002eade915bea1b0c019656664e7a9f72618a343a980feb5e6f0084c488
[2019-05-07T08:27:49.551] [DEBUG] dev - [auth] 根据sessionKey查询到的用户为{"userType":0,"_id":"5ccbd1f582d46f873ef0bc86","openId":"o-IKV5MTJ92nGfM9UwZrriil7o4o","created":"2019-05-03T05:30:29.159Z","__v":0,"lastLogin":"2019-05-07T00:27:42.315Z","avatar":"https://wx.qlogo.cn/mmopen/vi_32/Q0j4TwGTfTK0kt9KiaztfWgxl5Ozy8dgoTBwHbmQwajWxiamtYaic5NXticyKXEGZDicIVJWXPDicOArWaYJMk6mfnKw/132","name":"不再是旧日熟悉的我"}
[2019-05-07T08:27:53.357] [INFO] dev - {"url":"/my","query":{},"headers":{"host":"localhost:4001","connection":"keep-alive","pragma":"no-cache","cache-control":"no-cache","x-session":"312c21287a990ae9ce6b1b7b23338167dad6dc590d9e660e6ea08b3dcf53885620373002eade915bea1b0c019656664e7a9f72618a343a980feb5e6f0084c488","user-agent":"Mozilla/5.0 (iPhone; CPU iPhone OS 9_1 like Mac OS X) AppleWebKit/601.1.46 (KHTML, like Gecko) Version/9.0 Mobile/13B143 Safari/601.1 wechatdevtools/1.02.1904090 MicroMessenger/6.7.3 Language/zh_CN webview/","content-type":"application/json","accept":"*/*","referer":"https://servicewechat.com/wx5cfb24d00805ef8b/devtools/page-frame.html","accept-encoding":"gzip, deflate, br"},"timespan":1557188873357}
[2019-05-07T08:27:53.358] [DEBUG] dev - [auth] 获取到到sessionKey为312c21287a990ae9ce6b1b7b23338167dad6dc590d9e660e6ea08b3dcf53885620373002eade915bea1b0c019656664e7a9f72618a343a980feb5e6f0084c488
[2019-05-07T08:27:53.387] [DEBUG] dev - [auth] 根据sessionKey查询到的用户为{"userType":0,"_id":"5ccbd1f582d46f873ef0bc86","openId":"o-IKV5MTJ92nGfM9UwZrriil7o4o","created":"2019-05-03T05:30:29.159Z","__v":0,"lastLogin":"2019-05-07T00:27:42.315Z","avatar":"https://wx.qlogo.cn/mmopen/vi_32/Q0j4TwGTfTK0kt9KiaztfWgxl5Ozy8dgoTBwHbmQwajWxiamtYaic5NXticyKXEGZDicIVJWXPDicOArWaYJMk6mfnKw/132","name":"不再是旧日熟悉的我"}
[2019-05-07T08:27:54.103] [INFO] dev - {"url":"/xcx/album/5ccff367aa1a017b93357e6c","query":{},"headers":{"host":"localhost:4001","connection":"keep-alive","pragma":"no-cache","cache-control":"no-cache","x-session":"312c21287a990ae9ce6b1b7b23338167dad6dc590d9e660e6ea08b3dcf53885620373002eade915bea1b0c019656664e7a9f72618a343a980feb5e6f0084c488","user-agent":"Mozilla/5.0 (iPhone; CPU iPhone OS 9_1 like Mac OS X) AppleWebKit/601.1.46 (KHTML, like Gecko) Version/9.0 Mobile/13B143 Safari/601.1 wechatdevtools/1.02.1904090 MicroMessenger/6.7.3 Language/zh_CN webview/","content-type":"application/json","accept":"*/*","referer":"https://servicewechat.com/wx5cfb24d00805ef8b/devtools/page-frame.html","accept-encoding":"gzip, deflate, br"},"timespan":1557188874103}
[2019-05-07T08:27:54.105] [DEBUG] dev - [auth] 获取到到sessionKey为312c21287a990ae9ce6b1b7b23338167dad6dc590d9e660e6ea08b3dcf53885620373002eade915bea1b0c019656664e7a9f72618a343a980feb5e6f0084c488
[2019-05-07T08:27:54.133] [DEBUG] dev - [auth] 根据sessionKey查询到的用户为{"userType":0,"_id":"5ccbd1f582d46f873ef0bc86","openId":"o-IKV5MTJ92nGfM9UwZrriil7o4o","created":"2019-05-03T05:30:29.159Z","__v":0,"lastLogin":"2019-05-07T00:27:42.315Z","avatar":"https://wx.qlogo.cn/mmopen/vi_32/Q0j4TwGTfTK0kt9KiaztfWgxl5Ozy8dgoTBwHbmQwajWxiamtYaic5NXticyKXEGZDicIVJWXPDicOArWaYJMk6mfnKw/132","name":"不再是旧日熟悉的我"}
[2019-05-07T08:29:00.395] [INFO] dev - {"url":"/my","query":{},"headers":{"host":"localhost:4001","connection":"keep-alive","pragma":"no-cache","cache-control":"no-cache","x-session":"312c21287a990ae9ce6b1b7b23338167dad6dc590d9e660e6ea08b3dcf53885620373002eade915bea1b0c019656664e7a9f72618a343a980feb5e6f0084c488","user-agent":"Mozilla/5.0 (iPhone; CPU iPhone OS 9_1 like Mac OS X) AppleWebKit/601.1.46 (KHTML, like Gecko) Version/9.0 Mobile/13B143 Safari/601.1 wechatdevtools/1.02.1904090 MicroMessenger/6.7.3 Language/zh_CN webview/","content-type":"application/json","accept":"*/*","referer":"https://servicewechat.com/wx5cfb24d00805ef8b/devtools/page-frame.html","accept-encoding":"gzip, deflate, br"},"timespan":1557188940395}
[2019-05-07T08:29:00.396] [DEBUG] dev - [auth] 获取到到sessionKey为312c21287a990ae9ce6b1b7b23338167dad6dc590d9e660e6ea08b3dcf53885620373002eade915bea1b0c019656664e7a9f72618a343a980feb5e6f0084c488
[2019-05-07T08:29:00.427] [DEBUG] dev - [auth] 根据sessionKey查询到的用户为{"userType":0,"_id":"5ccbd1f582d46f873ef0bc86","openId":"o-IKV5MTJ92nGfM9UwZrriil7o4o","created":"2019-05-03T05:30:29.159Z","__v":0,"lastLogin":"2019-05-07T00:27:42.315Z","avatar":"https://wx.qlogo.cn/mmopen/vi_32/Q0j4TwGTfTK0kt9KiaztfWgxl5Ozy8dgoTBwHbmQwajWxiamtYaic5NXticyKXEGZDicIVJWXPDicOArWaYJMk6mfnKw/132","name":"不再是旧日熟悉的我"}
[2019-05-07T08:29:01.493] [INFO] dev - {"url":"/xcx/album/5ccff367aa1a017b93357e6c","query":{},"headers":{"host":"localhost:4001","connection":"keep-alive","pragma":"no-cache","cache-control":"no-cache","x-session":"312c21287a990ae9ce6b1b7b23338167dad6dc590d9e660e6ea08b3dcf53885620373002eade915bea1b0c019656664e7a9f72618a343a980feb5e6f0084c488","user-agent":"Mozilla/5.0 (iPhone; CPU iPhone OS 9_1 like Mac OS X) AppleWebKit/601.1.46 (KHTML, like Gecko) Version/9.0 Mobile/13B143 Safari/601.1 wechatdevtools/1.02.1904090 MicroMessenger/6.7.3 Language/zh_CN webview/","content-type":"application/json","accept":"*/*","referer":"https://servicewechat.com/wx5cfb24d00805ef8b/devtools/page-frame.html","accept-encoding":"gzip, deflate, br"},"timespan":1557188941493}
[2019-05-07T08:29:01.495] [DEBUG] dev - [auth] 获取到到sessionKey为312c21287a990ae9ce6b1b7b23338167dad6dc590d9e660e6ea08b3dcf53885620373002eade915bea1b0c019656664e7a9f72618a343a980feb5e6f0084c488
[2019-05-07T08:29:01.548] [DEBUG] dev - [auth] 根据sessionKey查询到的用户为{"userType":0,"_id":"5ccbd1f582d46f873ef0bc86","openId":"o-IKV5MTJ92nGfM9UwZrriil7o4o","created":"2019-05-03T05:30:29.159Z","__v":0,"lastLogin":"2019-05-07T00:27:42.315Z","avatar":"https://wx.qlogo.cn/mmopen/vi_32/Q0j4TwGTfTK0kt9KiaztfWgxl5Ozy8dgoTBwHbmQwajWxiamtYaic5NXticyKXEGZDicIVJWXPDicOArWaYJMk6mfnKw/132","name":"不再是旧日熟悉的我"}
[2019-05-07T08:29:08.194] [INFO] dev - {"url":"/photo/5ccff941b499be78b46742ed","query":{},"headers":{"host":"localhost:4001","connection":"keep-alive","content-length":"0","pragma":"no-cache","cache-control":"no-cache","origin":"http://127.0.0.1:28968","x-session":"312c21287a990ae9ce6b1b7b23338167dad6dc590d9e660e6ea08b3dcf53885620373002eade915bea1b0c019656664e7a9f72618a343a980feb5e6f0084c488","user-agent":"Mozilla/5.0 (iPhone; CPU iPhone OS 9_1 like Mac OS X) AppleWebKit/601.1.46 (KHTML, like Gecko) Version/9.0 Mobile/13B143 Safari/601.1 wechatdevtools/1.02.1904090 MicroMessenger/6.7.3 Language/zh_CN webview/","content-type":"application/json","accept":"*/*","referer":"https://servicewechat.com/wx5cfb24d00805ef8b/devtools/page-frame.html","accept-encoding":"gzip, deflate, br"},"timespan":1557188948194}
[2019-05-07T08:29:08.212] [DEBUG] dev - [auth] 获取到到sessionKey为312c21287a990ae9ce6b1b7b23338167dad6dc590d9e660e6ea08b3dcf53885620373002eade915bea1b0c019656664e7a9f72618a343a980feb5e6f0084c488
[2019-05-07T08:29:08.242] [DEBUG] dev - [auth] 根据sessionKey查询到的用户为{"userType":0,"_id":"5ccbd1f582d46f873ef0bc86","openId":"o-IKV5MTJ92nGfM9UwZrriil7o4o","created":"2019-05-03T05:30:29.159Z","__v":0,"lastLogin":"2019-05-07T00:27:42.315Z","avatar":"https://wx.qlogo.cn/mmopen/vi_32/Q0j4TwGTfTK0kt9KiaztfWgxl5Ozy8dgoTBwHbmQwajWxiamtYaic5NXticyKXEGZDicIVJWXPDicOArWaYJMk6mfnKw/132","name":"不再是旧日熟悉的我"}
[2019-05-07T08:29:08.275] [ERROR] dev - ForbiddenError: 该用户无权限
    at Object.throw (/Users/gxkai/koa-miniprogram/koa-service/node_modules/koa/lib/context.js:97:11)
    at router.delete (/Users/gxkai/koa-miniprogram/koa-service/routes.js:207:20)
    at process._tickCallback (internal/process/next_tick.js:68:7)
[2019-05-07T08:29:52.642] [INFO] dev - {"url":"/my","query":{},"headers":{"host":"localhost:4001","connection":"keep-alive","pragma":"no-cache","cache-control":"no-cache","x-session":"312c21287a990ae9ce6b1b7b23338167dad6dc590d9e660e6ea08b3dcf53885620373002eade915bea1b0c019656664e7a9f72618a343a980feb5e6f0084c488","user-agent":"Mozilla/5.0 (iPhone; CPU iPhone OS 9_1 like Mac OS X) AppleWebKit/601.1.46 (KHTML, like Gecko) Version/9.0 Mobile/13B143 Safari/601.1 wechatdevtools/1.02.1904090 MicroMessenger/6.7.3 Language/zh_CN webview/","content-type":"application/json","accept":"*/*","referer":"https://servicewechat.com/wx5cfb24d00805ef8b/devtools/page-frame.html","accept-encoding":"gzip, deflate, br"},"timespan":1557188992642}
[2019-05-07T08:29:52.643] [DEBUG] dev - [auth] 获取到到sessionKey为312c21287a990ae9ce6b1b7b23338167dad6dc590d9e660e6ea08b3dcf53885620373002eade915bea1b0c019656664e7a9f72618a343a980feb5e6f0084c488
[2019-05-07T08:29:52.676] [DEBUG] dev - [auth] 根据sessionKey查询到的用户为{"userType":0,"_id":"5ccbd1f582d46f873ef0bc86","openId":"o-IKV5MTJ92nGfM9UwZrriil7o4o","created":"2019-05-03T05:30:29.159Z","__v":0,"lastLogin":"2019-05-07T00:27:42.315Z","avatar":"https://wx.qlogo.cn/mmopen/vi_32/Q0j4TwGTfTK0kt9KiaztfWgxl5Ozy8dgoTBwHbmQwajWxiamtYaic5NXticyKXEGZDicIVJWXPDicOArWaYJMk6mfnKw/132","name":"不再是旧日熟悉的我"}
[2019-05-07T08:29:54.017] [INFO] dev - {"url":"/xcx/album/5ccff367aa1a017b93357e6c","query":{},"headers":{"host":"localhost:4001","connection":"keep-alive","pragma":"no-cache","cache-control":"no-cache","x-session":"312c21287a990ae9ce6b1b7b23338167dad6dc590d9e660e6ea08b3dcf53885620373002eade915bea1b0c019656664e7a9f72618a343a980feb5e6f0084c488","user-agent":"Mozilla/5.0 (iPhone; CPU iPhone OS 9_1 like Mac OS X) AppleWebKit/601.1.46 (KHTML, like Gecko) Version/9.0 Mobile/13B143 Safari/601.1 wechatdevtools/1.02.1904090 MicroMessenger/6.7.3 Language/zh_CN webview/","content-type":"application/json","accept":"*/*","referer":"https://servicewechat.com/wx5cfb24d00805ef8b/devtools/page-frame.html","accept-encoding":"gzip, deflate, br"},"timespan":1557188994017}
[2019-05-07T08:29:54.019] [DEBUG] dev - [auth] 获取到到sessionKey为312c21287a990ae9ce6b1b7b23338167dad6dc590d9e660e6ea08b3dcf53885620373002eade915bea1b0c019656664e7a9f72618a343a980feb5e6f0084c488
[2019-05-07T08:29:54.135] [DEBUG] dev - [auth] 根据sessionKey查询到的用户为{"userType":0,"_id":"5ccbd1f582d46f873ef0bc86","openId":"o-IKV5MTJ92nGfM9UwZrriil7o4o","created":"2019-05-03T05:30:29.159Z","__v":0,"lastLogin":"2019-05-07T00:27:42.315Z","avatar":"https://wx.qlogo.cn/mmopen/vi_32/Q0j4TwGTfTK0kt9KiaztfWgxl5Ozy8dgoTBwHbmQwajWxiamtYaic5NXticyKXEGZDicIVJWXPDicOArWaYJMk6mfnKw/132","name":"不再是旧日熟悉的我"}
[2019-05-07T16:00:08.639] [INFO] dev - {"url":"/login?code=011snJV72rTkqK0mo1Z724cGV72snJVi","query":{"code":"011snJV72rTkqK0mo1Z724cGV72snJVi"},"headers":{"host":"localhost:4001","connection":"keep-alive","pragma":"no-cache","cache-control":"no-cache","x-session":"","user-agent":"Mozilla/5.0 (iPhone; CPU iPhone OS 9_1 like Mac OS X) AppleWebKit/601.1.46 (KHTML, like Gecko) Version/9.0 Mobile/13B143 Safari/601.1 wechatdevtools/1.02.1904090 MicroMessenger/6.7.3 Language/zh_CN webview/","content-type":"application/json","accept":"*/*","referer":"https://servicewechat.com/wx5cfb24d00805ef8b/devtools/page-frame.html","accept-encoding":"gzip, deflate, br"},"timespan":1557216008639}
[2019-05-07T16:00:08.663] [INFO] dev - [login] 用户登陆Code为011snJV72rTkqK0mo1Z724cGV72snJVi
[2019-05-07T16:00:09.463] [ERROR] dev - TypeError: crypto.createCipher is not a function
    at encode (/Users/gxkai/koa-miniprogram/koa-service/server/lib/crypto.js:6:26)
    at login (/Users/gxkai/koa-miniprogram/koa-service/server/lib/db/user.js:28:24)
    at process._tickCallback (internal/process/next_tick.js:68:7)
[2019-05-07T16:00:17.642] [INFO] dev - {"url":"/login?code=021NLa4t1QnXDe03Pv3t1N9u4t1NLa4t","query":{"code":"021NLa4t1QnXDe03Pv3t1N9u4t1NLa4t"},"headers":{"host":"localhost:4001","connection":"keep-alive","pragma":"no-cache","cache-control":"no-cache","x-session":"","user-agent":"Mozilla/5.0 (iPhone; CPU iPhone OS 9_1 like Mac OS X) AppleWebKit/601.1.46 (KHTML, like Gecko) Version/9.0 Mobile/13B143 Safari/601.1 wechatdevtools/1.02.1904090 MicroMessenger/6.7.3 Language/zh_CN webview/","content-type":"application/json","accept":"*/*","referer":"https://servicewechat.com/wx5cfb24d00805ef8b/devtools/page-frame.html","accept-encoding":"gzip, deflate, br"},"timespan":1557216017642}
[2019-05-07T16:00:17.647] [INFO] dev - [login] 用户登陆Code为021NLa4t1QnXDe03Pv3t1N9u4t1NLa4t
[2019-05-07T16:00:17.969] [ERROR] dev - TypeError: crypto.createCipher is not a function
    at encode (/Users/gxkai/koa-miniprogram/koa-service/server/lib/crypto.js:6:26)
    at login (/Users/gxkai/koa-miniprogram/koa-service/server/lib/db/user.js:28:24)
    at process._tickCallback (internal/process/next_tick.js:68:7)
[2019-05-07T16:01:18.983] [INFO] dev - {"url":"/login?code=0017afWj2LhbHC0X3jXj2IsaWj27afWc","query":{"code":"0017afWj2LhbHC0X3jXj2IsaWj27afWc"},"headers":{"host":"localhost:4001","connection":"keep-alive","pragma":"no-cache","cache-control":"no-cache","x-session":"","user-agent":"Mozilla/5.0 (iPhone; CPU iPhone OS 9_1 like Mac OS X) AppleWebKit/601.1.46 (KHTML, like Gecko) Version/9.0 Mobile/13B143 Safari/601.1 wechatdevtools/1.02.1904090 MicroMessenger/6.7.3 Language/zh_CN webview/","content-type":"application/json","accept":"*/*","referer":"https://servicewechat.com/wx5cfb24d00805ef8b/devtools/page-frame.html","accept-encoding":"gzip, deflate, br"},"timespan":1557216078983}
[2019-05-07T16:01:18.999] [INFO] dev - [login] 用户登陆Code为0017afWj2LhbHC0X3jXj2IsaWj27afWc
[2019-05-07T16:01:19.222] [ERROR] dev - TypeError: crypto.createCipher is not a function
    at encode (/Users/gxkai/koa-miniprogram/koa-service/server/lib/crypto.js:6:26)
    at login (/Users/gxkai/koa-miniprogram/koa-service/server/lib/db/user.js:28:24)
    at process._tickCallback (internal/process/next_tick.js:68:7)
[2019-05-07T16:02:18.413] [INFO] dev - {"url":"/login?code=011jyWSm1rlF3p0365Um16BISm1jyWSg","query":{"code":"011jyWSm1rlF3p0365Um16BISm1jyWSg"},"headers":{"host":"localhost:4001","connection":"keep-alive","pragma":"no-cache","cache-control":"no-cache","x-session":"","user-agent":"Mozilla/5.0 (iPhone; CPU iPhone OS 9_1 like Mac OS X) AppleWebKit/601.1.46 (KHTML, like Gecko) Version/9.0 Mobile/13B143 Safari/601.1 wechatdevtools/1.02.1904090 MicroMessenger/6.7.3 Language/zh_CN webview/","content-type":"application/json","accept":"*/*","referer":"https://servicewechat.com/wx5cfb24d00805ef8b/devtools/page-frame.html","accept-encoding":"gzip, deflate, br"},"timespan":1557216138413}
[2019-05-07T16:02:18.428] [INFO] dev - [login] 用户登陆Code为011jyWSm1rlF3p0365Um16BISm1jyWSg
[2019-05-07T16:02:18.794] [INFO] dev - {"url":"/my","query":{},"headers":{"host":"localhost:4001","connection":"keep-alive","pragma":"no-cache","cache-control":"no-cache","x-session":"312c21287a990ae9ce6b1b7b233381677a37b698f1c30d30dc70a62b1b4e8c95f01d70dfb96bdcf9a25328d62207357aaa17cd8daa5d4ef3038d2fbdd64a0f9c","user-agent":"Mozilla/5.0 (iPhone; CPU iPhone OS 9_1 like Mac OS X) AppleWebKit/601.1.46 (KHTML, like Gecko) Version/9.0 Mobile/13B143 Safari/601.1 wechatdevtools/1.02.1904090 MicroMessenger/6.7.3 Language/zh_CN webview/","content-type":"application/json","accept":"*/*","referer":"https://servicewechat.com/wx5cfb24d00805ef8b/devtools/page-frame.html","accept-encoding":"gzip, deflate, br"},"timespan":1557216138794}
[2019-05-07T16:02:18.796] [DEBUG] dev - [auth] 获取到到sessionKey为312c21287a990ae9ce6b1b7b233381677a37b698f1c30d30dc70a62b1b4e8c95f01d70dfb96bdcf9a25328d62207357aaa17cd8daa5d4ef3038d2fbdd64a0f9c
[2019-05-07T16:02:18.819] [DEBUG] dev - [auth] 根据sessionKey查询到的用户为{"userType":0,"_id":"5ccbd1f582d46f873ef0bc86","openId":"o-IKV5MTJ92nGfM9UwZrriil7o4o","created":"2019-05-03T05:30:29.159Z","__v":0,"lastLogin":"2019-05-07T08:02:18.716Z","avatar":"https://wx.qlogo.cn/mmopen/vi_32/Q0j4TwGTfTK0kt9KiaztfWgxl5Ozy8dgoTBwHbmQwajWxiamtYaic5NXticyKXEGZDicIVJWXPDicOArWaYJMk6mfnKw/132","name":"不再是旧日熟悉的我"}
[2019-05-07T16:04:43.112] [INFO] dev - {"url":"/xcx/album","query":{},"headers":{"host":"localhost:4001","connection":"keep-alive","pragma":"no-cache","cache-control":"no-cache","x-session":"312c21287a990ae9ce6b1b7b233381677a37b698f1c30d30dc70a62b1b4e8c95f01d70dfb96bdcf9a25328d62207357aaa17cd8daa5d4ef3038d2fbdd64a0f9c","user-agent":"Mozilla/5.0 (iPhone; CPU iPhone OS 9_1 like Mac OS X) AppleWebKit/601.1.46 (KHTML, like Gecko) Version/9.0 Mobile/13B143 Safari/601.1 wechatdevtools/1.02.1904090 MicroMessenger/6.7.3 Language/zh_CN webview/","content-type":"application/json","accept":"*/*","referer":"https://servicewechat.com/wx5cfb24d00805ef8b/devtools/page-frame.html","accept-encoding":"gzip, deflate, br"},"timespan":1557216283112}
[2019-05-07T16:04:43.113] [DEBUG] dev - [auth] 获取到到sessionKey为312c21287a990ae9ce6b1b7b233381677a37b698f1c30d30dc70a62b1b4e8c95f01d70dfb96bdcf9a25328d62207357aaa17cd8daa5d4ef3038d2fbdd64a0f9c
[2019-05-07T16:04:43.137] [DEBUG] dev - [auth] 根据sessionKey查询到的用户为{"userType":0,"_id":"5ccbd1f582d46f873ef0bc86","openId":"o-IKV5MTJ92nGfM9UwZrriil7o4o","created":"2019-05-03T05:30:29.159Z","__v":0,"lastLogin":"2019-05-07T08:02:18.716Z","avatar":"https://wx.qlogo.cn/mmopen/vi_32/Q0j4TwGTfTK0kt9KiaztfWgxl5Ozy8dgoTBwHbmQwajWxiamtYaic5NXticyKXEGZDicIVJWXPDicOArWaYJMk6mfnKw/132","name":"不再是旧日熟悉的我"}
[2019-05-07T16:04:47.027] [INFO] dev - {"url":"/album","query":{},"headers":{"host":"localhost:4001","connection":"keep-alive","content-length":"13","pragma":"no-cache","cache-control":"no-cache","origin":"http://127.0.0.1:49814","x-session":"312c21287a990ae9ce6b1b7b233381677a37b698f1c30d30dc70a62b1b4e8c95f01d70dfb96bdcf9a25328d62207357aaa17cd8daa5d4ef3038d2fbdd64a0f9c","user-agent":"Mozilla/5.0 (iPhone; CPU iPhone OS 9_1 like Mac OS X) AppleWebKit/601.1.46 (KHTML, like Gecko) Version/9.0 Mobile/13B143 Safari/601.1 wechatdevtools/1.02.1904090 MicroMessenger/6.7.3 Language/zh_CN webview/","content-type":"application/json","accept":"*/*","referer":"https://servicewechat.com/wx5cfb24d00805ef8b/devtools/page-frame.html","accept-encoding":"gzip, deflate, br"},"timespan":1557216287027}
[2019-05-07T16:04:47.045] [DEBUG] dev - [auth] 获取到到sessionKey为312c21287a990ae9ce6b1b7b233381677a37b698f1c30d30dc70a62b1b4e8c95f01d70dfb96bdcf9a25328d62207357aaa17cd8daa5d4ef3038d2fbdd64a0f9c
[2019-05-07T16:04:47.064] [DEBUG] dev - [auth] 根据sessionKey查询到的用户为{"userType":0,"_id":"5ccbd1f582d46f873ef0bc86","openId":"o-IKV5MTJ92nGfM9UwZrriil7o4o","created":"2019-05-03T05:30:29.159Z","__v":0,"lastLogin":"2019-05-07T08:02:18.716Z","avatar":"https://wx.qlogo.cn/mmopen/vi_32/Q0j4TwGTfTK0kt9KiaztfWgxl5Ozy8dgoTBwHbmQwajWxiamtYaic5NXticyKXEGZDicIVJWXPDicOArWaYJMk6mfnKw/132","name":"不再是旧日熟悉的我"}
[2019-05-07T16:04:47.131] [INFO] dev - {"url":"/xcx/album","query":{},"headers":{"host":"localhost:4001","connection":"keep-alive","pragma":"no-cache","cache-control":"no-cache","x-session":"312c21287a990ae9ce6b1b7b233381677a37b698f1c30d30dc70a62b1b4e8c95f01d70dfb96bdcf9a25328d62207357aaa17cd8daa5d4ef3038d2fbdd64a0f9c","user-agent":"Mozilla/5.0 (iPhone; CPU iPhone OS 9_1 like Mac OS X) AppleWebKit/601.1.46 (KHTML, like Gecko) Version/9.0 Mobile/13B143 Safari/601.1 wechatdevtools/1.02.1904090 MicroMessenger/6.7.3 Language/zh_CN webview/","content-type":"application/json","accept":"*/*","referer":"https://servicewechat.com/wx5cfb24d00805ef8b/devtools/page-frame.html","accept-encoding":"gzip, deflate, br"},"timespan":1557216287131}
[2019-05-07T16:04:47.133] [DEBUG] dev - [auth] 获取到到sessionKey为312c21287a990ae9ce6b1b7b233381677a37b698f1c30d30dc70a62b1b4e8c95f01d70dfb96bdcf9a25328d62207357aaa17cd8daa5d4ef3038d2fbdd64a0f9c
[2019-05-07T16:04:47.151] [DEBUG] dev - [auth] 根据sessionKey查询到的用户为{"userType":0,"_id":"5ccbd1f582d46f873ef0bc86","openId":"o-IKV5MTJ92nGfM9UwZrriil7o4o","created":"2019-05-03T05:30:29.159Z","__v":0,"lastLogin":"2019-05-07T08:02:18.716Z","avatar":"https://wx.qlogo.cn/mmopen/vi_32/Q0j4TwGTfTK0kt9KiaztfWgxl5Ozy8dgoTBwHbmQwajWxiamtYaic5NXticyKXEGZDicIVJWXPDicOArWaYJMk6mfnKw/132","name":"不再是旧日熟悉的我"}
[2019-05-07T16:04:49.807] [INFO] dev - {"url":"/album/5cd13c1fed8fad1c012d50e0","query":{},"headers":{"host":"localhost:4001","connection":"keep-alive","content-length":"0","pragma":"no-cache","cache-control":"no-cache","origin":"http://127.0.0.1:49814","x-session":"312c21287a990ae9ce6b1b7b233381677a37b698f1c30d30dc70a62b1b4e8c95f01d70dfb96bdcf9a25328d62207357aaa17cd8daa5d4ef3038d2fbdd64a0f9c","user-agent":"Mozilla/5.0 (iPhone; CPU iPhone OS 9_1 like Mac OS X) AppleWebKit/601.1.46 (KHTML, like Gecko) Version/9.0 Mobile/13B143 Safari/601.1 wechatdevtools/1.02.1904090 MicroMessenger/6.7.3 Language/zh_CN webview/","content-type":"application/json","accept":"*/*","referer":"https://servicewechat.com/wx5cfb24d00805ef8b/devtools/page-frame.html","accept-encoding":"gzip, deflate, br"},"timespan":1557216289807}
[2019-05-07T16:04:49.808] [DEBUG] dev - [auth] 获取到到sessionKey为312c21287a990ae9ce6b1b7b233381677a37b698f1c30d30dc70a62b1b4e8c95f01d70dfb96bdcf9a25328d62207357aaa17cd8daa5d4ef3038d2fbdd64a0f9c
[2019-05-07T16:04:49.828] [DEBUG] dev - [auth] 根据sessionKey查询到的用户为{"userType":0,"_id":"5ccbd1f582d46f873ef0bc86","openId":"o-IKV5MTJ92nGfM9UwZrriil7o4o","created":"2019-05-03T05:30:29.159Z","__v":0,"lastLogin":"2019-05-07T08:02:18.716Z","avatar":"https://wx.qlogo.cn/mmopen/vi_32/Q0j4TwGTfTK0kt9KiaztfWgxl5Ozy8dgoTBwHbmQwajWxiamtYaic5NXticyKXEGZDicIVJWXPDicOArWaYJMk6mfnKw/132","name":"不再是旧日熟悉的我"}
[2019-05-07T16:04:49.890] [INFO] dev - {"url":"/xcx/album","query":{},"headers":{"host":"localhost:4001","connection":"keep-alive","pragma":"no-cache","cache-control":"no-cache","x-session":"312c21287a990ae9ce6b1b7b233381677a37b698f1c30d30dc70a62b1b4e8c95f01d70dfb96bdcf9a25328d62207357aaa17cd8daa5d4ef3038d2fbdd64a0f9c","user-agent":"Mozilla/5.0 (iPhone; CPU iPhone OS 9_1 like Mac OS X) AppleWebKit/601.1.46 (KHTML, like Gecko) Version/9.0 Mobile/13B143 Safari/601.1 wechatdevtools/1.02.1904090 MicroMessenger/6.7.3 Language/zh_CN webview/","content-type":"application/json","accept":"*/*","referer":"https://servicewechat.com/wx5cfb24d00805ef8b/devtools/page-frame.html","accept-encoding":"gzip, deflate, br"},"timespan":1557216289890}
[2019-05-07T16:04:49.891] [DEBUG] dev - [auth] 获取到到sessionKey为312c21287a990ae9ce6b1b7b233381677a37b698f1c30d30dc70a62b1b4e8c95f01d70dfb96bdcf9a25328d62207357aaa17cd8daa5d4ef3038d2fbdd64a0f9c
[2019-05-07T16:04:49.912] [DEBUG] dev - [auth] 根据sessionKey查询到的用户为{"userType":0,"_id":"5ccbd1f582d46f873ef0bc86","openId":"o-IKV5MTJ92nGfM9UwZrriil7o4o","created":"2019-05-03T05:30:29.159Z","__v":0,"lastLogin":"2019-05-07T08:02:18.716Z","avatar":"https://wx.qlogo.cn/mmopen/vi_32/Q0j4TwGTfTK0kt9KiaztfWgxl5Ozy8dgoTBwHbmQwajWxiamtYaic5NXticyKXEGZDicIVJWXPDicOArWaYJMk6mfnKw/132","name":"不再是旧日熟悉的我"}
[2019-05-07T16:24:55.551] [INFO] dev - {"url":"/my","query":{},"headers":{"host":"localhost:4001","connection":"keep-alive","pragma":"no-cache","cache-control":"no-cache","x-session":"312c21287a990ae9ce6b1b7b233381677a37b698f1c30d30dc70a62b1b4e8c95f01d70dfb96bdcf9a25328d62207357aaa17cd8daa5d4ef3038d2fbdd64a0f9c","user-agent":"Mozilla/5.0 (iPhone; CPU iPhone OS 9_1 like Mac OS X) AppleWebKit/601.1.46 (KHTML, like Gecko) Version/9.0 Mobile/13B143 Safari/601.1 wechatdevtools/1.02.1904090 MicroMessenger/6.7.3 Language/zh_CN webview/","content-type":"application/json","accept":"*/*","referer":"https://servicewechat.com/wx5cfb24d00805ef8b/devtools/page-frame.html","accept-encoding":"gzip, deflate, br"},"timespan":1557217495551}
[2019-05-07T16:24:55.575] [DEBUG] dev - [auth] 获取到到sessionKey为312c21287a990ae9ce6b1b7b233381677a37b698f1c30d30dc70a62b1b4e8c95f01d70dfb96bdcf9a25328d62207357aaa17cd8daa5d4ef3038d2fbdd64a0f9c
[2019-05-07T16:24:55.623] [DEBUG] dev - [auth] 根据sessionKey查询到的用户为{"userType":0,"_id":"5ccbd1f582d46f873ef0bc86","openId":"o-IKV5MTJ92nGfM9UwZrriil7o4o","created":"2019-05-03T05:30:29.159Z","__v":0,"lastLogin":"2019-05-07T08:02:18.716Z","avatar":"https://wx.qlogo.cn/mmopen/vi_32/Q0j4TwGTfTK0kt9KiaztfWgxl5Ozy8dgoTBwHbmQwajWxiamtYaic5NXticyKXEGZDicIVJWXPDicOArWaYJMk6mfnKw/132","name":"不再是旧日熟悉的我"}
